Using pre-set license
Built from '2022.3/staging' branch; Version is '2022.3.59f1 (630718f645a5) revision 6489880'; Using compiler version '192829333'; Build Type 'Release'
OS: 'Windows 11  (10.0.26100) 64bit Professional' Language: 'en' Physical Memory: 32482 MB
BatchMode: 1, IsHumanControllingUs: 0, StartBugReporterOnCrash: 0, Is64bit: 1, IsPro: 1

COMMAND LINE ARGUMENTS:
C:\Program Files\Unity\Hub\Editor\2022.3.59f1\Editor\Unity.exe
-adb2
-batchMode
-noUpm
-name
AssetImportWorker24
-projectPath
C:/Users/solis02/finalprojectrepo/FinalProject_DS
-logFile
Logs/AssetImportWorker24.log
-srvPort
57688
Successfully changed project path to: C:/Users/solis02/finalprojectrepo/FinalProject_DS
C:/Users/solis02/finalprojectrepo/FinalProject_DS
[UnityMemory] Configuration Parameters - Can be set up in boot.config
    "memorysetup-bucket-allocator-granularity=16"
    "memorysetup-bucket-allocator-bucket-count=8"
    "memorysetup-bucket-allocator-block-size=33554432"
    "memorysetup-bucket-allocator-block-count=8"
    "memorysetup-main-allocator-block-size=16777216"
    "memorysetup-thread-allocator-block-size=16777216"
    "memorysetup-gfx-main-allocator-block-size=16777216"
    "memorysetup-gfx-thread-allocator-block-size=16777216"
    "memorysetup-cache-allocator-block-size=4194304"
    "memorysetup-typetree-allocator-block-size=2097152"
    "memorysetup-profiler-bucket-allocator-granularity=16"
    "memorysetup-profiler-bucket-allocator-bucket-count=8"
    "memorysetup-profiler-bucket-allocator-block-size=33554432"
    "memorysetup-profiler-bucket-allocator-block-count=8"
    "memorysetup-profiler-allocator-block-size=16777216"
    "memorysetup-profiler-editor-allocator-block-size=1048576"
    "memorysetup-temp-allocator-size-main=16777216"
    "memorysetup-job-temp-allocator-block-size=2097152"
    "memorysetup-job-temp-allocator-block-size-background=1048576"
    "memorysetup-job-temp-allocator-reduction-small-platforms=262144"
    "memorysetup-allocator-temp-initial-block-size-main=262144"
    "memorysetup-allocator-temp-initial-block-size-worker=262144"
    "memorysetup-temp-allocator-size-background-worker=32768"
    "memorysetup-temp-allocator-size-job-worker=262144"
    "memorysetup-temp-allocator-size-preload-manager=33554432"
    "memorysetup-temp-allocator-size-nav-mesh-worker=65536"
    "memorysetup-temp-allocator-size-audio-worker=65536"
    "memorysetup-temp-allocator-size-cloud-worker=32768"
    "memorysetup-temp-allocator-size-gi-baking-worker=262144"
    "memorysetup-temp-allocator-size-gfx=262144"
Player connection [20084]  Target information:

Player connection [20084]  * "[IP] 172.23.16.56 [Port] 0 [Flags] 2 [Guid] 3035838707 [EditorId] 3035838707 [Version] 1048832 [Id] WindowsEditor(7,916-dsg-147-17A) [Debug] 1 [PackageName] WindowsEditor [ProjectName] Editor" 

Player connection [20084] Host joined multi-casting on [225.0.0.222:54997]...
Player connection [20084] Host joined alternative multi-casting on [225.0.0.222:34997]...
Input System module state changed to: Initialized.
[PhysX] Initialized MultithreadedTaskDispatcher with 20 workers.
Refreshing native plugins compatible for Editor in 9.79 ms, found 3 plugins.
Preloading 0 native plugins for Editor in 0.00 ms.
Initialize engine version: 2022.3.59f1 (630718f645a5)
[Subsystems] Discovering subsystems at path C:/Program Files/Unity/Hub/Editor/2022.3.59f1/Editor/Data/Resources/UnitySubsystems
[Subsystems] Discovering subsystems at path C:/Users/solis02/finalprojectrepo/FinalProject_DS/Assets
GfxDevice: creating device client; threaded=0; jobified=0
Direct3D:
    Version:  Direct3D 11.0 [level 11.1]
    Renderer: NVIDIA GeForce RTX 3060 (ID=0x2504)
    Vendor:   NVIDIA
    VRAM:     12115 MB
    Driver:   32.0.15.5599
Initialize mono
Mono path[0] = 'C:/Program Files/Unity/Hub/Editor/2022.3.59f1/Editor/Data/Managed'
Mono path[1] = 'C:/Program Files/Unity/Hub/Editor/2022.3.59f1/Editor/Data/MonoBleedingEdge/lib/mono/unityjit-win32'
Mono config path = 'C:/Program Files/Unity/Hub/Editor/2022.3.59f1/Editor/Data/MonoBleedingEdge/etc'
Using monoOptions --debugger-agent=transport=dt_socket,embedding=1,server=y,suspend=n,address=127.0.0.1:56168
Begin MonoManager ReloadAssembly
Registering precompiled unity dll's ...
Register platform support module: C:/Program Files/Unity/Hub/Editor/2022.3.59f1/Editor/Data/PlaybackEngines/WindowsStandaloneSupport/UnityEditor.WindowsStandalone.Extensions.dll
Registered in 0.004052 seconds.
- Loaded All Assemblies, in  0.237 seconds
Native extension for WindowsStandalone target not found
Mono: successfully reloaded assembly
- Finished resetting the current domain, in  0.195 seconds
Domain Reload Profiling: 432ms
	BeginReloadAssembly (81ms)
		ExecutionOrderSort (0ms)
		DisableScriptedObjects (0ms)
		BackupInstance (0ms)
		ReleaseScriptingObjects (0ms)
		CreateAndSetChildDomain (1ms)
	RebuildCommonClasses (22ms)
	RebuildNativeTypeToScriptingClass (6ms)
	initialDomainReloadingComplete (39ms)
	LoadAllAssembliesAndSetupDomain (88ms)
		LoadAssemblies (80ms)
		RebuildTransferFunctionScriptingTraits (0ms)
		AnalyzeDomain (86ms)
			TypeCache.Refresh (85ms)
				TypeCache.ScanAssembly (76ms)
			ScanForSourceGeneratedMonoScriptInfo (0ms)
			ResolveRequiredComponents (0ms)
	FinalizeReload (196ms)
		ReleaseScriptCaches (0ms)
		RebuildScriptCaches (0ms)
		SetupLoadedEditorAssemblies (162ms)
			LogAssemblyErrors (0ms)
			InitializePlatformSupportModulesInManaged (6ms)
			SetLoadedEditorAssemblies (5ms)
			RefreshPlugins (0ms)
			BeforeProcessingInitializeOnLoad (2ms)
			ProcessInitializeOnLoadAttributes (111ms)
			ProcessInitializeOnLoadMethodAttributes (37ms)
			AfterProcessingInitializeOnLoad (0ms)
			EditorAssembliesLoaded (0ms)
		ExecutionOrderSort2 (0ms)
		AwakeInstancesAfterBackupRestoration (0ms)
========================================================================
Worker process is ready to serve import requests
Caller must complete domain reload
Begin MonoManager ReloadAssembly
- Loaded All Assemblies, in  0.469 seconds
Native extension for WindowsStandalone target not found
Mono: successfully reloaded assembly
- Finished resetting the current domain, in  0.458 seconds
Domain Reload Profiling: 925ms
	BeginReloadAssembly (107ms)
		ExecutionOrderSort (0ms)
		DisableScriptedObjects (4ms)
		BackupInstance (0ms)
		ReleaseScriptingObjects (0ms)
		CreateAndSetChildDomain (14ms)
	RebuildCommonClasses (22ms)
	RebuildNativeTypeToScriptingClass (7ms)
	initialDomainReloadingComplete (37ms)
	LoadAllAssembliesAndSetupDomain (294ms)
		LoadAssemblies (233ms)
		RebuildTransferFunctionScriptingTraits (0ms)
		AnalyzeDomain (124ms)
			TypeCache.Refresh (101ms)
				TypeCache.ScanAssembly (90ms)
			ScanForSourceGeneratedMonoScriptInfo (14ms)
			ResolveRequiredComponents (7ms)
	FinalizeReload (459ms)
		ReleaseScriptCaches (0ms)
		RebuildScriptCaches (0ms)
		SetupLoadedEditorAssemblies (366ms)
			LogAssemblyErrors (0ms)
			InitializePlatformSupportModulesInManaged (4ms)
			SetLoadedEditorAssemblies (2ms)
			RefreshPlugins (0ms)
			BeforeProcessingInitializeOnLoad (47ms)
			ProcessInitializeOnLoadAttributes (257ms)
			ProcessInitializeOnLoadMethodAttributes (51ms)
			AfterProcessingInitializeOnLoad (4ms)
			EditorAssembliesLoaded (0ms)
		ExecutionOrderSort2 (0ms)
		AwakeInstancesAfterBackupRestoration (6ms)
Launched and connected shader compiler UnityShaderCompiler.exe after 0.06 seconds
Refreshing native plugins compatible for Editor in 3.48 ms, found 3 plugins.
Preloading 0 native plugins for Editor in 0.00 ms.
Unloading 4885 Unused Serialized files (Serialized files now loaded: 0)
Unloading 24 unused Assets / (348.3 KB). Loaded Objects now: 5349.
Memory consumption went from 197.1 MB to 196.7 MB.
Total: 2.660100 ms (FindLiveObjects: 0.300800 ms CreateObjectMapping: 0.122800 ms MarkObjects: 2.115100 ms  DeleteObjects: 0.120800 ms)

AssetImportParameters requested are different than current active one (requested -> active):
  custom:container-demuxer-ogg: 62fdf1f143b41e24485cea50d1cbac27 -> 
  custom:video-codec-MediaFoundation-h265: 746d11721c4dcdbdad8f713fa42b33f4 -> 
  custom:video-decoder-ogg-theora: a1e56fd34408186e4bbccfd4996cb3dc -> 
  custom:framework-win-MediaFoundation: 216162199b28c13a410421893ffa2e32 -> 
  custom:CustomObjectIndexerAttribute: 72b91833f83ae208fae7752999fa3104 -> 
  custom:container-demuxer-webm: 4f35f7cbe854078d1ac9338744f61a02 -> 
  custom:container-muxer-webm: aa71ff27fc2769a1b78a27578f13a17b -> 
  custom:video-decoder-webm-vp8: 9c59270c3fd7afecdb556c50c9e8de78 -> 
  custom:SearchIndexIgnoredProperties: e643bd26f0fe6173181afceb89e7c659 -> 
  custom:AudioImporter_EditorPlatform: d09bf68614088b80899f8185d706f6e7 -> 
  custom:video-encoder-webm-vp8: eb34c28f22e8b96e1ab97ce403110664 -> 
  custom:audio-decoder-ogg-vorbis: bf7c407c2cedff20999df2af8eb42d56 -> 
  custom:audio-encoder-webm-vorbis: bf7c407c2cedff20999df2af8eb42d56 -> 
========================================================================
Received Import Request.
  Time since last request: 1228150.831806 seconds.
  path: Assets/Blackthornprod/100 Fantasy Characters Pack/Prefabs/Character (14).prefab
  artifactKey: Guid(32216c3119cb3704bbfdaf4d3f1a55e3) Importer(815301076,1909f56bfc062723c751e8b465ee728b)
Start importing Assets/Blackthornprod/100 Fantasy Characters Pack/Prefabs/Character (14).prefab using Guid(32216c3119cb3704bbfdaf4d3f1a55e3) Importer(815301076,1909f56bfc062723c751e8b465ee728b) [PhysX] Initialized MultithreadedTaskDispatcher with 20 workers.
[PhysX] Initialized MultithreadedTaskDispatcher with 20 workers.
 -> (artifact id: '5a37267d1413f702ab95fd8974e695c5') in 0.270443 seconds
Number of updated asset objects reloaded before import = 0
Number of asset objects unloaded after import = 45
========================================================================
Received Import Request.
  Time since last request: 0.099930 seconds.
  path: Assets/Blackthornprod/100 Fantasy Characters Pack/Prefabs/Character (16).prefab
  artifactKey: Guid(6ac1eb95fbced6e48acd22a849a47c0d) Importer(815301076,1909f56bfc062723c751e8b465ee728b)
Start importing Assets/Blackthornprod/100 Fantasy Characters Pack/Prefabs/Character (16).prefab using Guid(6ac1eb95fbced6e48acd22a849a47c0d) Importer(815301076,1909f56bfc062723c751e8b465ee728b) [PhysX] Initialized MultithreadedTaskDispatcher with 20 workers.
[PhysX] Initialized MultithreadedTaskDispatcher with 20 workers.
 -> (artifact id: '7745892763471863533a0ea98f0f4ac2') in 0.048827 seconds
Number of updated asset objects reloaded before import = 0
Number of asset objects unloaded after import = 26
========================================================================
Received Import Request.
  Time since last request: 0.301415 seconds.
  path: Assets/Blackthornprod/100 Fantasy Characters Pack/Prefabs/Character (18).prefab
  artifactKey: Guid(2148be545aabd1c4fa1390327151b0ff) Importer(815301076,1909f56bfc062723c751e8b465ee728b)
Start importing Assets/Blackthornprod/100 Fantasy Characters Pack/Prefabs/Character (18).prefab using Guid(2148be545aabd1c4fa1390327151b0ff) Importer(815301076,1909f56bfc062723c751e8b465ee728b) [PhysX] Initialized MultithreadedTaskDispatcher with 20 workers.
[PhysX] Initialized MultithreadedTaskDispatcher with 20 workers.
 -> (artifact id: '8c9b0d94abe66a28bfc2230429ac0348') in 0.043308 seconds
Number of updated asset objects reloaded before import = 0
Number of asset objects unloaded after import = 26
========================================================================
Received Import Request.
  Time since last request: 0.280825 seconds.
  path: Assets/Blackthornprod/100 Fantasy Characters Pack/Prefabs/Character (20).prefab
  artifactKey: Guid(e4e21487c6e95fa47bf05ec3820ff093) Importer(815301076,1909f56bfc062723c751e8b465ee728b)
Start importing Assets/Blackthornprod/100 Fantasy Characters Pack/Prefabs/Character (20).prefab using Guid(e4e21487c6e95fa47bf05ec3820ff093) Importer(815301076,1909f56bfc062723c751e8b465ee728b) [PhysX] Initialized MultithreadedTaskDispatcher with 20 workers.
[PhysX] Initialized MultithreadedTaskDispatcher with 20 workers.
 -> (artifact id: '209bc92ce4d7744c7d5ea6b43fc54514') in 0.043694 seconds
Number of updated asset objects reloaded before import = 0
Number of asset objects unloaded after import = 26
========================================================================
Received Import Request.
  Time since last request: 0.271468 seconds.
  path: Assets/Blackthornprod/100 Fantasy Characters Pack/Prefabs/Character (22).prefab
  artifactKey: Guid(124ef9a01a3706b4e939977ad9c482d7) Importer(815301076,1909f56bfc062723c751e8b465ee728b)
Start importing Assets/Blackthornprod/100 Fantasy Characters Pack/Prefabs/Character (22).prefab using Guid(124ef9a01a3706b4e939977ad9c482d7) Importer(815301076,1909f56bfc062723c751e8b465ee728b) [PhysX] Initialized MultithreadedTaskDispatcher with 20 workers.
[PhysX] Initialized MultithreadedTaskDispatcher with 20 workers.
 -> (artifact id: 'bf9a3c7e705e47977ac0d7f5fa298738') in 0.039502 seconds
Number of updated asset objects reloaded before import = 0
Number of asset objects unloaded after import = 19
========================================================================
Received Import Request.
  Time since last request: 0.056484 seconds.
  path: Assets/Blackthornprod/100 Fantasy Characters Pack/Prefabs/Character (24).prefab
  artifactKey: Guid(42f23f27484493a48a70a0650a3607d1) Importer(815301076,1909f56bfc062723c751e8b465ee728b)
Start importing Assets/Blackthornprod/100 Fantasy Characters Pack/Prefabs/Character (24).prefab using Guid(42f23f27484493a48a70a0650a3607d1) Importer(815301076,1909f56bfc062723c751e8b465ee728b) [PhysX] Initialized MultithreadedTaskDispatcher with 20 workers.
[PhysX] Initialized MultithreadedTaskDispatcher with 20 workers.
 -> (artifact id: '144cff0a694c2accbd805c4019827c23') in 0.039234 seconds
Number of updated asset objects reloaded before import = 0
Number of asset objects unloaded after import = 19
========================================================================
Received Import Request.
  Time since last request: 0.230712 seconds.
  path: Assets/Blackthornprod/100 Fantasy Characters Pack/Prefabs/Character (25).prefab
  artifactKey: Guid(fb29af382a73290468031a050dcc6f5c) Importer(815301076,1909f56bfc062723c751e8b465ee728b)
Start importing Assets/Blackthornprod/100 Fantasy Characters Pack/Prefabs/Character (25).prefab using Guid(fb29af382a73290468031a050dcc6f5c) Importer(815301076,1909f56bfc062723c751e8b465ee728b) [PhysX] Initialized MultithreadedTaskDispatcher with 20 workers.
[PhysX] Initialized MultithreadedTaskDispatcher with 20 workers.
 -> (artifact id: '3339b4871e68345c3997ce7df505d473') in 0.044489 seconds
Number of updated asset objects reloaded before import = 0
Number of asset objects unloaded after import = 19
========================================================================
Received Import Request.
  Time since last request: 0.408837 seconds.
  path: Assets/Blackthornprod/100 Fantasy Characters Pack/Prefabs/Character (27).prefab
  artifactKey: Guid(12df7e1d6e59b664ab788e8bd58e7501) Importer(815301076,1909f56bfc062723c751e8b465ee728b)
Start importing Assets/Blackthornprod/100 Fantasy Characters Pack/Prefabs/Character (27).prefab using Guid(12df7e1d6e59b664ab788e8bd58e7501) Importer(815301076,1909f56bfc062723c751e8b465ee728b) [PhysX] Initialized MultithreadedTaskDispatcher with 20 workers.
[PhysX] Initialized MultithreadedTaskDispatcher with 20 workers.
 -> (artifact id: 'cdb89f07159ee8f32917cce6147f8a89') in 0.041448 seconds
Number of updated asset objects reloaded before import = 0
Number of asset objects unloaded after import = 19
========================================================================
Received Import Request.
  Time since last request: 0.351702 seconds.
  path: Assets/Blackthornprod/100 Fantasy Characters Pack/Prefabs/Character (28).prefab
  artifactKey: Guid(2449bd00fdab2c94d90a27208e462dcd) Importer(815301076,1909f56bfc062723c751e8b465ee728b)
Start importing Assets/Blackthornprod/100 Fantasy Characters Pack/Prefabs/Character (28).prefab using Guid(2449bd00fdab2c94d90a27208e462dcd) Importer(815301076,1909f56bfc062723c751e8b465ee728b) [PhysX] Initialized MultithreadedTaskDispatcher with 20 workers.
[PhysX] Initialized MultithreadedTaskDispatcher with 20 workers.
 -> (artifact id: '5b9efed6336dd6e592039a19bcb14558') in 0.041568 seconds
Number of updated asset objects reloaded before import = 0
Number of asset objects unloaded after import = 19
========================================================================
Received Import Request.
  Time since last request: 0.008160 seconds.
  path: Assets/Blackthornprod/100 Fantasy Characters Pack/Prefabs/Character (29).prefab
  artifactKey: Guid(5789fdd104b713c4f929425e70d7572d) Importer(815301076,1909f56bfc062723c751e8b465ee728b)
Start importing Assets/Blackthornprod/100 Fantasy Characters Pack/Prefabs/Character (29).prefab using Guid(5789fdd104b713c4f929425e70d7572d) Importer(815301076,1909f56bfc062723c751e8b465ee728b) [PhysX] Initialized MultithreadedTaskDispatcher with 20 workers.
[PhysX] Initialized MultithreadedTaskDispatcher with 20 workers.
 -> (artifact id: '76cf064451114fe24f865e5e74c51001') in 0.036432 seconds
Number of updated asset objects reloaded before import = 0
Number of asset objects unloaded after import = 19
========================================================================
Received Import Request.
  Time since last request: 0.317878 seconds.
  path: Assets/Blackthornprod/100 Fantasy Characters Pack/Prefabs/Character (30).prefab
  artifactKey: Guid(9f38cf9e63e10334a940839f33aaecc1) Importer(815301076,1909f56bfc062723c751e8b465ee728b)
Start importing Assets/Blackthornprod/100 Fantasy Characters Pack/Prefabs/Character (30).prefab using Guid(9f38cf9e63e10334a940839f33aaecc1) Importer(815301076,1909f56bfc062723c751e8b465ee728b) [PhysX] Initialized MultithreadedTaskDispatcher with 20 workers.
[PhysX] Initialized MultithreadedTaskDispatcher with 20 workers.
 -> (artifact id: '5583a41300cd0bc3a3147f6b8e66b0eb') in 0.043098 seconds
Number of updated asset objects reloaded before import = 0
Number of asset objects unloaded after import = 19
========================================================================
Received Import Request.
  Time since last request: 0.361973 seconds.
  path: Assets/Blackthornprod/100 Fantasy Characters Pack/Prefabs/Character (31).prefab
  artifactKey: Guid(b6665c1d1459a9648b89cb38e5090a5e) Importer(815301076,1909f56bfc062723c751e8b465ee728b)
Start importing Assets/Blackthornprod/100 Fantasy Characters Pack/Prefabs/Character (31).prefab using Guid(b6665c1d1459a9648b89cb38e5090a5e) Importer(815301076,1909f56bfc062723c751e8b465ee728b) [PhysX] Initialized MultithreadedTaskDispatcher with 20 workers.
[PhysX] Initialized MultithreadedTaskDispatcher with 20 workers.
 -> (artifact id: 'a8a4d2911ec2a8ddd69ee45198626421') in 0.040133 seconds
Number of updated asset objects reloaded before import = 0
Number of asset objects unloaded after import = 31
========================================================================
Received Import Request.
  Time since last request: 0.363832 seconds.
  path: Assets/Blackthornprod/100 Fantasy Characters Pack/Prefabs/Character (33).prefab
  artifactKey: Guid(a1102dd48e9fe5f4ab6632d22b3a3682) Importer(815301076,1909f56bfc062723c751e8b465ee728b)
Start importing Assets/Blackthornprod/100 Fantasy Characters Pack/Prefabs/Character (33).prefab using Guid(a1102dd48e9fe5f4ab6632d22b3a3682) Importer(815301076,1909f56bfc062723c751e8b465ee728b) [PhysX] Initialized MultithreadedTaskDispatcher with 20 workers.
[PhysX] Initialized MultithreadedTaskDispatcher with 20 workers.
 -> (artifact id: '795a6888f43c4dfd8943b8bf5306ea3f') in 0.040199 seconds
Number of updated asset objects reloaded before import = 0
Number of asset objects unloaded after import = 31
========================================================================
Received Import Request.
  Time since last request: 0.051446 seconds.
  path: Assets/Blackthornprod/100 Fantasy Characters Pack/Prefabs/Character (35).prefab
  artifactKey: Guid(39385abaa1419dd49a82630f158c9b93) Importer(815301076,1909f56bfc062723c751e8b465ee728b)
Start importing Assets/Blackthornprod/100 Fantasy Characters Pack/Prefabs/Character (35).prefab using Guid(39385abaa1419dd49a82630f158c9b93) Importer(815301076,1909f56bfc062723c751e8b465ee728b) [PhysX] Initialized MultithreadedTaskDispatcher with 20 workers.
[PhysX] Initialized MultithreadedTaskDispatcher with 20 workers.
 -> (artifact id: 'dcc302853e49655c8a55b5ce44aea73c') in 0.033222 seconds
Number of updated asset objects reloaded before import = 0
Number of asset objects unloaded after import = 31
========================================================================
Received Import Request.
  Time since last request: 1.235208 seconds.
  path: Assets/Blackthornprod/100 Fantasy Characters Pack/Prefabs/Character (36).prefab
  artifactKey: Guid(5316090c50cf9cb498514e733e8542b3) Importer(815301076,1909f56bfc062723c751e8b465ee728b)
Start importing Assets/Blackthornprod/100 Fantasy Characters Pack/Prefabs/Character (36).prefab using Guid(5316090c50cf9cb498514e733e8542b3) Importer(815301076,1909f56bfc062723c751e8b465ee728b) [PhysX] Initialized MultithreadedTaskDispatcher with 20 workers.
[PhysX] Initialized MultithreadedTaskDispatcher with 20 workers.
 -> (artifact id: 'fddaaf58cdbef07c3b21d2f37de87750') in 0.046010 seconds
Number of updated asset objects reloaded before import = 0
Number of asset objects unloaded after import = 31
========================================================================
Received Import Request.
  Time since last request: 0.000029 seconds.
  path: Assets/Blackthornprod/100 Fantasy Characters Pack/Prefabs/Character (39).prefab
  artifactKey: Guid(d3992a94349c31542955b8482f5ed304) Importer(815301076,1909f56bfc062723c751e8b465ee728b)
Start importing Assets/Blackthornprod/100 Fantasy Characters Pack/Prefabs/Character (39).prefab using Guid(d3992a94349c31542955b8482f5ed304) Importer(815301076,1909f56bfc062723c751e8b465ee728b) [PhysX] Initialized MultithreadedTaskDispatcher with 20 workers.
[PhysX] Initialized MultithreadedTaskDispatcher with 20 workers.
 -> (artifact id: '0407d995383d70af59894883c26c3108') in 0.033411 seconds
Number of updated asset objects reloaded before import = 0
Number of asset objects unloaded after import = 31
========================================================================
Received Import Request.
  Time since last request: 0.000857 seconds.
  path: Assets/Blackthornprod/100 Fantasy Characters Pack/Prefabs/Character (44).prefab
  artifactKey: Guid(75433554313639845880ecdd0398e73e) Importer(815301076,1909f56bfc062723c751e8b465ee728b)
Start importing Assets/Blackthornprod/100 Fantasy Characters Pack/Prefabs/Character (44).prefab using Guid(75433554313639845880ecdd0398e73e) Importer(815301076,1909f56bfc062723c751e8b465ee728b) [PhysX] Initialized MultithreadedTaskDispatcher with 20 workers.
[PhysX] Initialized MultithreadedTaskDispatcher with 20 workers.
 -> (artifact id: 'db09d74be023bbdbe1fe549018869179') in 0.041418 seconds
Number of updated asset objects reloaded before import = 0
Number of asset objects unloaded after import = 24
========================================================================
Received Import Request.
  Time since last request: 0.000039 seconds.
  path: Assets/Blackthornprod/100 Fantasy Characters Pack/Prefabs/Character (49).prefab
  artifactKey: Guid(579f1ddab810a25418b180b6a13e388b) Importer(815301076,1909f56bfc062723c751e8b465ee728b)
Start importing Assets/Blackthornprod/100 Fantasy Characters Pack/Prefabs/Character (49).prefab using Guid(579f1ddab810a25418b180b6a13e388b) Importer(815301076,1909f56bfc062723c751e8b465ee728b) [PhysX] Initialized MultithreadedTaskDispatcher with 20 workers.
[PhysX] Initialized MultithreadedTaskDispatcher with 20 workers.
 -> (artifact id: '71455f74b4127d1790a845c7fda22881') in 0.038582 seconds
Number of updated asset objects reloaded before import = 0
Number of asset objects unloaded after import = 24
========================================================================
Received Import Request.
  Time since last request: 0.000031 seconds.
  path: Assets/Blackthornprod/100 Fantasy Characters Pack/Prefabs/Character (57).prefab
  artifactKey: Guid(e4dae70aa69c399419e95fb718e60ba2) Importer(815301076,1909f56bfc062723c751e8b465ee728b)
Start importing Assets/Blackthornprod/100 Fantasy Characters Pack/Prefabs/Character (57).prefab using Guid(e4dae70aa69c399419e95fb718e60ba2) Importer(815301076,1909f56bfc062723c751e8b465ee728b) [PhysX] Initialized MultithreadedTaskDispatcher with 20 workers.
[PhysX] Initialized MultithreadedTaskDispatcher with 20 workers.
 -> (artifact id: 'b8a695e037dd7060e66285a7dd01f08b') in 0.040641 seconds
Number of updated asset objects reloaded before import = 0
Number of asset objects unloaded after import = 35
========================================================================
Received Import Request.
  Time since last request: 0.000034 seconds.
  path: Assets/Blackthornprod/100 Fantasy Characters Pack/Prefabs/Character (65).prefab
  artifactKey: Guid(9eedc5bd4fe9e6e4bb5259511f3f8f8c) Importer(815301076,1909f56bfc062723c751e8b465ee728b)
Start importing Assets/Blackthornprod/100 Fantasy Characters Pack/Prefabs/Character (65).prefab using Guid(9eedc5bd4fe9e6e4bb5259511f3f8f8c) Importer(815301076,1909f56bfc062723c751e8b465ee728b) [PhysX] Initialized MultithreadedTaskDispatcher with 20 workers.
[PhysX] Initialized MultithreadedTaskDispatcher with 20 workers.
 -> (artifact id: '261efd4e2a1ee70f22ed301f6be5ba3c') in 0.042853 seconds
Number of updated asset objects reloaded before import = 0
Number of asset objects unloaded after import = 37
========================================================================
Received Import Request.
  Time since last request: 0.000034 seconds.
  path: Assets/Blackthornprod/100 Fantasy Characters Pack/Prefabs/Character (74).prefab
  artifactKey: Guid(48933110da450ee41b6459f9294b78ee) Importer(815301076,1909f56bfc062723c751e8b465ee728b)
Start importing Assets/Blackthornprod/100 Fantasy Characters Pack/Prefabs/Character (74).prefab using Guid(48933110da450ee41b6459f9294b78ee) Importer(815301076,1909f56bfc062723c751e8b465ee728b) [PhysX] Initialized MultithreadedTaskDispatcher with 20 workers.
[PhysX] Initialized MultithreadedTaskDispatcher with 20 workers.
 -> (artifact id: '1ea1600ac0554ecedd099ee7584b7c99') in 0.039538 seconds
Number of updated asset objects reloaded before import = 0
Number of asset objects unloaded after import = 31
========================================================================
Received Import Request.
  Time since last request: 0.000104 seconds.
  path: Assets/Blackthornprod/100 Fantasy Characters Pack/Prefabs/Character (79).prefab
  artifactKey: Guid(d1017599b656a27409b59197d065f3ae) Importer(815301076,1909f56bfc062723c751e8b465ee728b)
Start importing Assets/Blackthornprod/100 Fantasy Characters Pack/Prefabs/Character (79).prefab using Guid(d1017599b656a27409b59197d065f3ae) Importer(815301076,1909f56bfc062723c751e8b465ee728b) [PhysX] Initialized MultithreadedTaskDispatcher with 20 workers.
[PhysX] Initialized MultithreadedTaskDispatcher with 20 workers.
 -> (artifact id: 'c90c075d88d903937e7cd0101a1bd7cf') in 0.038387 seconds
Number of updated asset objects reloaded before import = 0
Number of asset objects unloaded after import = 31
========================================================================
Received Import Request.
  Time since last request: 0.000030 seconds.
  path: Assets/Blackthornprod/100 Fantasy Characters Pack/Prefabs/Character (83).prefab
  artifactKey: Guid(1c3a24296a9515b45a93c356781e9da2) Importer(815301076,1909f56bfc062723c751e8b465ee728b)
Start importing Assets/Blackthornprod/100 Fantasy Characters Pack/Prefabs/Character (83).prefab using Guid(1c3a24296a9515b45a93c356781e9da2) Importer(815301076,1909f56bfc062723c751e8b465ee728b) [PhysX] Initialized MultithreadedTaskDispatcher with 20 workers.
[PhysX] Initialized MultithreadedTaskDispatcher with 20 workers.
 -> (artifact id: '0dd83e465746840c03065c09825b94fe') in 0.041499 seconds
Number of updated asset objects reloaded before import = 0
Number of asset objects unloaded after import = 34
========================================================================
Received Import Request.
  Time since last request: 0.000033 seconds.
  path: Assets/Blackthornprod/100 Fantasy Characters Pack/Prefabs/Character (48).prefab
  artifactKey: Guid(d4fa6dbffce76d14e9e8d0125f41a08b) Importer(815301076,1909f56bfc062723c751e8b465ee728b)
Start importing Assets/Blackthornprod/100 Fantasy Characters Pack/Prefabs/Character (48).prefab using Guid(d4fa6dbffce76d14e9e8d0125f41a08b) Importer(815301076,1909f56bfc062723c751e8b465ee728b) [PhysX] Initialized MultithreadedTaskDispatcher with 20 workers.
[PhysX] Initialized MultithreadedTaskDispatcher with 20 workers.
 -> (artifact id: 'e810cf212dd51dc5aabdcd94ce756341') in 0.039539 seconds
Number of updated asset objects reloaded before import = 0
Number of asset objects unloaded after import = 24
========================================================================
Received Import Request.
  Time since last request: 0.000034 seconds.
  path: Assets/Blackthornprod/100 Fantasy Characters Pack/Prefabs/Character (54).prefab
  artifactKey: Guid(c8b6235ca60803e4e91de6806a1adb07) Importer(815301076,1909f56bfc062723c751e8b465ee728b)
Start importing Assets/Blackthornprod/100 Fantasy Characters Pack/Prefabs/Character (54).prefab using Guid(c8b6235ca60803e4e91de6806a1adb07) Importer(815301076,1909f56bfc062723c751e8b465ee728b) [PhysX] Initialized MultithreadedTaskDispatcher with 20 workers.
[PhysX] Initialized MultithreadedTaskDispatcher with 20 workers.
 -> (artifact id: '150ed5d4858f8d7e23d742b5efb0261c') in 0.038132 seconds
Number of updated asset objects reloaded before import = 0
Number of asset objects unloaded after import = 35
========================================================================
Received Import Request.
  Time since last request: 0.000035 seconds.
  path: Assets/Blackthornprod/100 Fantasy Characters Pack/Prefabs/Character (86).prefab
  artifactKey: Guid(7af19914b4565cc4e9335e4f4901e00a) Importer(815301076,1909f56bfc062723c751e8b465ee728b)
Start importing Assets/Blackthornprod/100 Fantasy Characters Pack/Prefabs/Character (86).prefab using Guid(7af19914b4565cc4e9335e4f4901e00a) Importer(815301076,1909f56bfc062723c751e8b465ee728b) [PhysX] Initialized MultithreadedTaskDispatcher with 20 workers.
[PhysX] Initialized MultithreadedTaskDispatcher with 20 workers.
 -> (artifact id: '0f29a07f2ffbde1713ea05b56336a74e') in 0.040409 seconds
Number of updated asset objects reloaded before import = 0
Number of asset objects unloaded after import = 38
========================================================================
Received Import Request.
  Time since last request: 0.000060 seconds.
  path: Assets/Blackthornprod/100 Fantasy Characters Pack/Prefabs/Character (71).prefab
  artifactKey: Guid(c6cab51adfe6094498f6aca1862b0c32) Importer(815301076,1909f56bfc062723c751e8b465ee728b)
Start importing Assets/Blackthornprod/100 Fantasy Characters Pack/Prefabs/Character (71).prefab using Guid(c6cab51adfe6094498f6aca1862b0c32) Importer(815301076,1909f56bfc062723c751e8b465ee728b) [PhysX] Initialized MultithreadedTaskDispatcher with 20 workers.
[PhysX] Initialized MultithreadedTaskDispatcher with 20 workers.
 -> (artifact id: '906cb50229afda88150f86bf2398719a') in 0.047550 seconds
Number of updated asset objects reloaded before import = 0
Number of asset objects unloaded after import = 31
========================================================================
Received Import Request.
  Time since last request: 0.000036 seconds.
  path: Assets/Blackthornprod/100 Fantasy Characters Pack/Prefabs/Character (72).prefab
  artifactKey: Guid(60971e65992a3114cae30464ec7fbc38) Importer(815301076,1909f56bfc062723c751e8b465ee728b)
Start importing Assets/Blackthornprod/100 Fantasy Characters Pack/Prefabs/Character (72).prefab using Guid(60971e65992a3114cae30464ec7fbc38) Importer(815301076,1909f56bfc062723c751e8b465ee728b) [PhysX] Initialized MultithreadedTaskDispatcher with 20 workers.
[PhysX] Initialized MultithreadedTaskDispatcher with 20 workers.
 -> (artifact id: 'ff74b3db845a53a9018e35e909131839') in 0.040808 seconds
Number of updated asset objects reloaded before import = 0
Number of asset objects unloaded after import = 31
========================================================================
Received Import Request.
  Time since last request: 0.000036 seconds.
  path: Assets/Blackthornprod/100 Fantasy Characters Pack/Prefabs/Character (50).prefab
  artifactKey: Guid(db148d9ce685ac348a3f357d37453baa) Importer(815301076,1909f56bfc062723c751e8b465ee728b)
Start importing Assets/Blackthornprod/100 Fantasy Characters Pack/Prefabs/Character (50).prefab using Guid(db148d9ce685ac348a3f357d37453baa) Importer(815301076,1909f56bfc062723c751e8b465ee728b) [PhysX] Initialized MultithreadedTaskDispatcher with 20 workers.
[PhysX] Initialized MultithreadedTaskDispatcher with 20 workers.
 -> (artifact id: '4367156a1cb2b9ac1181531c2b26f29c') in 0.039628 seconds
Number of updated asset objects reloaded before import = 0
Number of asset objects unloaded after import = 24
========================================================================
Received Import Request.
  Time since last request: 0.000035 seconds.
  path: Assets/Blackthornprod/100 Fantasy Characters Pack/Prefabs/Character (56).prefab
  artifactKey: Guid(f4d369ba099821a41a7e353da8adbb34) Importer(815301076,1909f56bfc062723c751e8b465ee728b)
Start importing Assets/Blackthornprod/100 Fantasy Characters Pack/Prefabs/Character (56).prefab using Guid(f4d369ba099821a41a7e353da8adbb34) Importer(815301076,1909f56bfc062723c751e8b465ee728b) [PhysX] Initialized MultithreadedTaskDispatcher with 20 workers.
[PhysX] Initialized MultithreadedTaskDispatcher with 20 workers.
 -> (artifact id: 'ae73d28a0219680bc0112bb9c92c0b72') in 0.039952 seconds
Number of updated asset objects reloaded before import = 0
Number of asset objects unloaded after import = 35
========================================================================
Received Import Request.
  Time since last request: 0.000034 seconds.
  path: Assets/Blackthornprod/100 Fantasy Characters Pack/Prefabs/Character (80).prefab
  artifactKey: Guid(b2ac7a170dd277546b6480174ab305e3) Importer(815301076,1909f56bfc062723c751e8b465ee728b)
Start importing Assets/Blackthornprod/100 Fantasy Characters Pack/Prefabs/Character (80).prefab using Guid(b2ac7a170dd277546b6480174ab305e3) Importer(815301076,1909f56bfc062723c751e8b465ee728b) [PhysX] Initialized MultithreadedTaskDispatcher with 20 workers.
[PhysX] Initialized MultithreadedTaskDispatcher with 20 workers.
 -> (artifact id: '7525fd6661cda226b756ce468eeabbda') in 0.039476 seconds
Number of updated asset objects reloaded before import = 0
Number of asset objects unloaded after import = 31
========================================================================
Received Import Request.
  Time since last request: 0.000062 seconds.
  path: Assets/Blackthornprod/100 Fantasy Characters Pack/Prefabs/Character (55).prefab
  artifactKey: Guid(1490323e9a0175447b206a58cee44f95) Importer(815301076,1909f56bfc062723c751e8b465ee728b)
Start importing Assets/Blackthornprod/100 Fantasy Characters Pack/Prefabs/Character (55).prefab using Guid(1490323e9a0175447b206a58cee44f95) Importer(815301076,1909f56bfc062723c751e8b465ee728b) [PhysX] Initialized MultithreadedTaskDispatcher with 20 workers.
[PhysX] Initialized MultithreadedTaskDispatcher with 20 workers.
 -> (artifact id: '9e825a33c0fa37cab8c8df6594587ef7') in 0.039718 seconds
Number of updated asset objects reloaded before import = 0
Number of asset objects unloaded after import = 35
========================================================================
Received Import Request.
  Time since last request: 0.000031 seconds.
  path: Assets/Blackthornprod/100 Fantasy Characters Pack/Prefabs/Character (68).prefab
  artifactKey: Guid(416ee64c39cd4ea4bb8dcfb882e5aa04) Importer(815301076,1909f56bfc062723c751e8b465ee728b)
Start importing Assets/Blackthornprod/100 Fantasy Characters Pack/Prefabs/Character (68).prefab using Guid(416ee64c39cd4ea4bb8dcfb882e5aa04) Importer(815301076,1909f56bfc062723c751e8b465ee728b) [PhysX] Initialized MultithreadedTaskDispatcher with 20 workers.
[PhysX] Initialized MultithreadedTaskDispatcher with 20 workers.
 -> (artifact id: 'f43e8a8e4768b507e260136118622e67') in 0.039508 seconds
Number of updated asset objects reloaded before import = 0
Number of asset objects unloaded after import = 37
========================================================================
Received Import Request.
  Time since last request: 0.765183 seconds.
  path: Assets/Blackthornprod/100 Fantasy Characters Pack/Prefabs/Character (93).prefab
  artifactKey: Guid(9a7944158da617d4391cc99b81b47759) Importer(815301076,1909f56bfc062723c751e8b465ee728b)
Start importing Assets/Blackthornprod/100 Fantasy Characters Pack/Prefabs/Character (93).prefab using Guid(9a7944158da617d4391cc99b81b47759) Importer(815301076,1909f56bfc062723c751e8b465ee728b) [PhysX] Initialized MultithreadedTaskDispatcher with 20 workers.
[PhysX] Initialized MultithreadedTaskDispatcher with 20 workers.
 -> (artifact id: 'ea6d2bf04043b98ef365a71cc6c22cc5') in 0.034632 seconds
Number of updated asset objects reloaded before import = 0
Number of asset objects unloaded after import = 36
========================================================================
Received Import Request.
  Time since last request: 0.006190 seconds.
  path: Assets/Blackthornprod/100 Fantasy Characters Pack/Prefabs/Character (95).prefab
  artifactKey: Guid(5f5faae7cc322914d8efc12de3d191ef) Importer(815301076,1909f56bfc062723c751e8b465ee728b)
Start importing Assets/Blackthornprod/100 Fantasy Characters Pack/Prefabs/Character (95).prefab using Guid(5f5faae7cc322914d8efc12de3d191ef) Importer(815301076,1909f56bfc062723c751e8b465ee728b) [PhysX] Initialized MultithreadedTaskDispatcher with 20 workers.
[PhysX] Initialized MultithreadedTaskDispatcher with 20 workers.
 -> (artifact id: '1df7885feb368e1c6d4188be1d955014') in 0.035095 seconds
Number of updated asset objects reloaded before import = 0
Number of asset objects unloaded after import = 36
========================================================================
Received Import Request.
  Time since last request: 0.000030 seconds.
  path: Assets/Blackthornprod/100 Fantasy Characters Pack/Prefabs/Character (97).prefab
  artifactKey: Guid(13113bd87a3e8004c942e8082089cad9) Importer(815301076,1909f56bfc062723c751e8b465ee728b)
Start importing Assets/Blackthornprod/100 Fantasy Characters Pack/Prefabs/Character (97).prefab using Guid(13113bd87a3e8004c942e8082089cad9) Importer(815301076,1909f56bfc062723c751e8b465ee728b) [PhysX] Initialized MultithreadedTaskDispatcher with 20 workers.
[PhysX] Initialized MultithreadedTaskDispatcher with 20 workers.
 -> (artifact id: '16ac96cdf5348f1007b2299df4bd7b24') in 0.035054 seconds
Number of updated asset objects reloaded before import = 0
Number of asset objects unloaded after import = 43
========================================================================
Received Import Request.
  Time since last request: 0.067822 seconds.
  path: Assets/Blackthornprod/100 Fantasy Characters Pack/Prefabs/Character (99).prefab
  artifactKey: Guid(5d1ab9b0228d05a40832b62ab4035c82) Importer(815301076,1909f56bfc062723c751e8b465ee728b)
Start importing Assets/Blackthornprod/100 Fantasy Characters Pack/Prefabs/Character (99).prefab using Guid(5d1ab9b0228d05a40832b62ab4035c82) Importer(815301076,1909f56bfc062723c751e8b465ee728b) [PhysX] Initialized MultithreadedTaskDispatcher with 20 workers.
[PhysX] Initialized MultithreadedTaskDispatcher with 20 workers.
 -> (artifact id: 'ac4f3f87cb5e5f4f1423f424af1bcdca') in 0.034912 seconds
Number of updated asset objects reloaded before import = 0
Number of asset objects unloaded after import = 39
========================================================================
Received Prepare
Caller must complete domain reload
Begin MonoManager ReloadAssembly
- Loaded All Assemblies, in  0.384 seconds
Native extension for WindowsStandalone target not found
Mono: successfully reloaded assembly
- Finished resetting the current domain, in  1.144 seconds
Domain Reload Profiling: 1526ms
	BeginReloadAssembly (137ms)
		ExecutionOrderSort (0ms)
		DisableScriptedObjects (7ms)
		BackupInstance (0ms)
		ReleaseScriptingObjects (0ms)
		CreateAndSetChildDomain (30ms)
	RebuildCommonClasses (24ms)
	RebuildNativeTypeToScriptingClass (12ms)
	initialDomainReloadingComplete (26ms)
	LoadAllAssembliesAndSetupDomain (184ms)
		LoadAssemblies (238ms)
		RebuildTransferFunctionScriptingTraits (0ms)
		AnalyzeDomain (18ms)
			TypeCache.Refresh (5ms)
				TypeCache.ScanAssembly (0ms)
			ScanForSourceGeneratedMonoScriptInfo (0ms)
			ResolveRequiredComponents (11ms)
	FinalizeReload (1144ms)
		ReleaseScriptCaches (0ms)
		RebuildScriptCaches (0ms)
		SetupLoadedEditorAssemblies (404ms)
			LogAssemblyErrors (0ms)
			InitializePlatformSupportModulesInManaged (6ms)
			SetLoadedEditorAssemblies (3ms)
			RefreshPlugins (0ms)
			BeforeProcessingInitializeOnLoad (58ms)
			ProcessInitializeOnLoadAttributes (265ms)
			ProcessInitializeOnLoadMethodAttributes (63ms)
			AfterProcessingInitializeOnLoad (9ms)
			EditorAssembliesLoaded (0ms)
		ExecutionOrderSort2 (0ms)
		AwakeInstancesAfterBackupRestoration (30ms)
Refreshing native plugins compatible for Editor in 4.15 ms, found 3 plugins.
Preloading 0 native plugins for Editor in 0.00 ms.
Unloading 4733 Unused Serialized files (Serialized files now loaded: 0)
Unloading 19 unused Assets / (315.9 KB). Loaded Objects now: 5399.
Memory consumption went from 176.1 MB to 175.8 MB.
Total: 2.545000 ms (FindLiveObjects: 0.265100 ms CreateObjectMapping: 0.146000 ms MarkObjects: 2.064100 ms  DeleteObjects: 0.068700 ms)

Prepare: number of updated asset objects reloaded= 0
AssetImportParameters requested are different than current active one (requested -> active):
  custom:container-demuxer-ogg: 62fdf1f143b41e24485cea50d1cbac27 -> 
  custom:video-codec-MediaFoundation-h265: 746d11721c4dcdbdad8f713fa42b33f4 -> 
  custom:video-decoder-ogg-theora: a1e56fd34408186e4bbccfd4996cb3dc -> 
  custom:framework-win-MediaFoundation: 216162199b28c13a410421893ffa2e32 -> 
  custom:CustomObjectIndexerAttribute: 72b91833f83ae208fae7752999fa3104 -> 
  custom:container-demuxer-webm: 4f35f7cbe854078d1ac9338744f61a02 -> 
  custom:container-muxer-webm: aa71ff27fc2769a1b78a27578f13a17b -> 
  custom:video-decoder-webm-vp8: 9c59270c3fd7afecdb556c50c9e8de78 -> 
  custom:SearchIndexIgnoredProperties: e643bd26f0fe6173181afceb89e7c659 -> 
  custom:AudioImporter_EditorPlatform: d09bf68614088b80899f8185d706f6e7 -> 
  custom:video-encoder-webm-vp8: eb34c28f22e8b96e1ab97ce403110664 -> 
  custom:audio-decoder-ogg-vorbis: bf7c407c2cedff20999df2af8eb42d56 -> 
  custom:audio-encoder-webm-vorbis: bf7c407c2cedff20999df2af8eb42d56 -> 
========================================================================
Received Prepare
Caller must complete domain reload
Begin MonoManager ReloadAssembly
- Loaded All Assemblies, in  0.355 seconds
Native extension for WindowsStandalone target not found
Mono: successfully reloaded assembly
- Finished resetting the current domain, in  1.096 seconds
Domain Reload Profiling: 1449ms
	BeginReloadAssembly (117ms)
		ExecutionOrderSort (0ms)
		DisableScriptedObjects (3ms)
		BackupInstance (0ms)
		ReleaseScriptingObjects (0ms)
		CreateAndSetChildDomain (22ms)
	RebuildCommonClasses (22ms)
	RebuildNativeTypeToScriptingClass (8ms)
	initialDomainReloadingComplete (23ms)
	LoadAllAssembliesAndSetupDomain (183ms)
		LoadAssemblies (233ms)
		RebuildTransferFunctionScriptingTraits (0ms)
		AnalyzeDomain (14ms)
			TypeCache.Refresh (5ms)
				TypeCache.ScanAssembly (0ms)
			ScanForSourceGeneratedMonoScriptInfo (0ms)
			ResolveRequiredComponents (8ms)
	FinalizeReload (1096ms)
		ReleaseScriptCaches (0ms)
		RebuildScriptCaches (0ms)
		SetupLoadedEditorAssemblies (377ms)
			LogAssemblyErrors (0ms)
			InitializePlatformSupportModulesInManaged (5ms)
			SetLoadedEditorAssemblies (3ms)
			RefreshPlugins (0ms)
			BeforeProcessingInitializeOnLoad (58ms)
			ProcessInitializeOnLoadAttributes (250ms)
			ProcessInitializeOnLoadMethodAttributes (57ms)
			AfterProcessingInitializeOnLoad (4ms)
			EditorAssembliesLoaded (0ms)
		ExecutionOrderSort2 (0ms)
		AwakeInstancesAfterBackupRestoration (20ms)
Refreshing native plugins compatible for Editor in 5.92 ms, found 3 plugins.
Preloading 0 native plugins for Editor in 0.00 ms.
Unloading 4733 Unused Serialized files (Serialized files now loaded: 0)
Unloading 19 unused Assets / (316.0 KB). Loaded Objects now: 5403.
Memory consumption went from 176.0 MB to 175.7 MB.
Total: 2.685700 ms (FindLiveObjects: 0.244700 ms CreateObjectMapping: 0.157700 ms MarkObjects: 2.210600 ms  DeleteObjects: 0.071800 ms)

Prepare: number of updated asset objects reloaded= 0
AssetImportParameters requested are different than current active one (requested -> active):
  custom:container-demuxer-ogg: 62fdf1f143b41e24485cea50d1cbac27 -> 
  custom:video-codec-MediaFoundation-h265: 746d11721c4dcdbdad8f713fa42b33f4 -> 
  custom:video-decoder-ogg-theora: a1e56fd34408186e4bbccfd4996cb3dc -> 
  custom:framework-win-MediaFoundation: 216162199b28c13a410421893ffa2e32 -> 
  custom:CustomObjectIndexerAttribute: 72b91833f83ae208fae7752999fa3104 -> 
  custom:container-demuxer-webm: 4f35f7cbe854078d1ac9338744f61a02 -> 
  custom:container-muxer-webm: aa71ff27fc2769a1b78a27578f13a17b -> 
  custom:video-decoder-webm-vp8: 9c59270c3fd7afecdb556c50c9e8de78 -> 
  custom:SearchIndexIgnoredProperties: e643bd26f0fe6173181afceb89e7c659 -> 
  custom:AudioImporter_EditorPlatform: d09bf68614088b80899f8185d706f6e7 -> 
  custom:video-encoder-webm-vp8: eb34c28f22e8b96e1ab97ce403110664 -> 
  custom:audio-decoder-ogg-vorbis: bf7c407c2cedff20999df2af8eb42d56 -> 
  custom:audio-encoder-webm-vorbis: bf7c407c2cedff20999df2af8eb42d56 -> 
========================================================================
Received Prepare
Caller must complete domain reload
Begin MonoManager ReloadAssembly
- Loaded All Assemblies, in  0.342 seconds
Native extension for WindowsStandalone target not found
Mono: successfully reloaded assembly
- Finished resetting the current domain, in  1.074 seconds
Domain Reload Profiling: 1415ms
	BeginReloadAssembly (119ms)
		ExecutionOrderSort (0ms)
		DisableScriptedObjects (3ms)
		BackupInstance (0ms)
		ReleaseScriptingObjects (0ms)
		CreateAndSetChildDomain (23ms)
	RebuildCommonClasses (21ms)
	RebuildNativeTypeToScriptingClass (7ms)
	initialDomainReloadingComplete (21ms)
	LoadAllAssembliesAndSetupDomain (172ms)
		LoadAssemblies (225ms)
		RebuildTransferFunctionScriptingTraits (0ms)
		AnalyzeDomain (13ms)
			TypeCache.Refresh (5ms)
				TypeCache.ScanAssembly (0ms)
			ScanForSourceGeneratedMonoScriptInfo (0ms)
			ResolveRequiredComponents (7ms)
	FinalizeReload (1075ms)
		ReleaseScriptCaches (0ms)
		RebuildScriptCaches (0ms)
		SetupLoadedEditorAssemblies (372ms)
			LogAssemblyErrors (0ms)
			InitializePlatformSupportModulesInManaged (6ms)
			SetLoadedEditorAssemblies (3ms)
			RefreshPlugins (0ms)
			BeforeProcessingInitializeOnLoad (57ms)
			ProcessInitializeOnLoadAttributes (246ms)
			ProcessInitializeOnLoadMethodAttributes (56ms)
			AfterProcessingInitializeOnLoad (5ms)
			EditorAssembliesLoaded (0ms)
		ExecutionOrderSort2 (0ms)
		AwakeInstancesAfterBackupRestoration (20ms)
Refreshing native plugins compatible for Editor in 5.01 ms, found 3 plugins.
Preloading 0 native plugins for Editor in 0.00 ms.
Unloading 4733 Unused Serialized files (Serialized files now loaded: 0)
Unloading 19 unused Assets / (316.0 KB). Loaded Objects now: 5407.
Memory consumption went from 176.0 MB to 175.7 MB.
Total: 2.645700 ms (FindLiveObjects: 0.261800 ms CreateObjectMapping: 0.142700 ms MarkObjects: 2.159300 ms  DeleteObjects: 0.081000 ms)

Prepare: number of updated asset objects reloaded= 0
AssetImportParameters requested are different than current active one (requested -> active):
  custom:container-demuxer-ogg: 62fdf1f143b41e24485cea50d1cbac27 -> 
  custom:video-codec-MediaFoundation-h265: 746d11721c4dcdbdad8f713fa42b33f4 -> 
  custom:video-decoder-ogg-theora: a1e56fd34408186e4bbccfd4996cb3dc -> 
  custom:framework-win-MediaFoundation: 216162199b28c13a410421893ffa2e32 -> 
  custom:CustomObjectIndexerAttribute: 72b91833f83ae208fae7752999fa3104 -> 
  custom:container-demuxer-webm: 4f35f7cbe854078d1ac9338744f61a02 -> 
  custom:container-muxer-webm: aa71ff27fc2769a1b78a27578f13a17b -> 
  custom:video-decoder-webm-vp8: 9c59270c3fd7afecdb556c50c9e8de78 -> 
  custom:SearchIndexIgnoredProperties: e643bd26f0fe6173181afceb89e7c659 -> 
  custom:AudioImporter_EditorPlatform: d09bf68614088b80899f8185d706f6e7 -> 
  custom:video-encoder-webm-vp8: eb34c28f22e8b96e1ab97ce403110664 -> 
  custom:audio-decoder-ogg-vorbis: bf7c407c2cedff20999df2af8eb42d56 -> 
  custom:audio-encoder-webm-vorbis: bf7c407c2cedff20999df2af8eb42d56 -> 
