Using pre-set license
Built from '2022.3/staging' branch; Version is '2022.3.59f1 (630718f645a5) revision 6489880'; Using compiler version '192829333'; Build Type 'Release'
OS: 'Windows 11  (10.0.26100) 64bit Professional' Language: 'en' Physical Memory: 32482 MB
BatchMode: 1, IsHumanControllingUs: 0, StartBugReporterOnCrash: 0, Is64bit: 1, IsPro: 1

COMMAND LINE ARGUMENTS:
C:\Program Files\Unity\Hub\Editor\2022.3.59f1\Editor\Unity.exe
-adb2
-batchMode
-noUpm
-name
AssetImportWorker23
-projectPath
C:/Users/solis02/finalprojectrepo/FinalProject_DS
-logFile
Logs/AssetImportWorker23.log
-srvPort
57688
Successfully changed project path to: C:/Users/solis02/finalprojectrepo/FinalProject_DS
C:/Users/solis02/finalprojectrepo/FinalProject_DS
[UnityMemory] Configuration Parameters - Can be set up in boot.config
    "memorysetup-bucket-allocator-granularity=16"
    "memorysetup-bucket-allocator-bucket-count=8"
    "memorysetup-bucket-allocator-block-size=33554432"
    "memorysetup-bucket-allocator-block-count=8"
    "memorysetup-main-allocator-block-size=16777216"
    "memorysetup-thread-allocator-block-size=16777216"
    "memorysetup-gfx-main-allocator-block-size=16777216"
    "memorysetup-gfx-thread-allocator-block-size=16777216"
    "memorysetup-cache-allocator-block-size=4194304"
    "memorysetup-typetree-allocator-block-size=2097152"
    "memorysetup-profiler-bucket-allocator-granularity=16"
    "memorysetup-profiler-bucket-allocator-bucket-count=8"
    "memorysetup-profiler-bucket-allocator-block-size=33554432"
    "memorysetup-profiler-bucket-allocator-block-count=8"
    "memorysetup-profiler-allocator-block-size=16777216"
    "memorysetup-profiler-editor-allocator-block-size=1048576"
    "memorysetup-temp-allocator-size-main=16777216"
    "memorysetup-job-temp-allocator-block-size=2097152"
    "memorysetup-job-temp-allocator-block-size-background=1048576"
    "memorysetup-job-temp-allocator-reduction-small-platforms=262144"
    "memorysetup-allocator-temp-initial-block-size-main=262144"
    "memorysetup-allocator-temp-initial-block-size-worker=262144"
    "memorysetup-temp-allocator-size-background-worker=32768"
    "memorysetup-temp-allocator-size-job-worker=262144"
    "memorysetup-temp-allocator-size-preload-manager=33554432"
    "memorysetup-temp-allocator-size-nav-mesh-worker=65536"
    "memorysetup-temp-allocator-size-audio-worker=65536"
    "memorysetup-temp-allocator-size-cloud-worker=32768"
    "memorysetup-temp-allocator-size-gi-baking-worker=262144"
    "memorysetup-temp-allocator-size-gfx=262144"
Player connection [30044]  Target information:

Player connection [30044]  * "[IP] 172.23.16.56 [Port] 0 [Flags] 2 [Guid] 3030337599 [EditorId] 3030337599 [Version] 1048832 [Id] WindowsEditor(7,916-dsg-147-17A) [Debug] 1 [PackageName] WindowsEditor [ProjectName] Editor" 

Player connection [30044] Host joined multi-casting on [225.0.0.222:54997]...
Player connection [30044] Host joined alternative multi-casting on [225.0.0.222:34997]...
Input System module state changed to: Initialized.
[PhysX] Initialized MultithreadedTaskDispatcher with 20 workers.
Refreshing native plugins compatible for Editor in 13.17 ms, found 3 plugins.
Preloading 0 native plugins for Editor in 0.00 ms.
Initialize engine version: 2022.3.59f1 (630718f645a5)
[Subsystems] Discovering subsystems at path C:/Program Files/Unity/Hub/Editor/2022.3.59f1/Editor/Data/Resources/UnitySubsystems
[Subsystems] Discovering subsystems at path C:/Users/solis02/finalprojectrepo/FinalProject_DS/Assets
GfxDevice: creating device client; threaded=0; jobified=0
Direct3D:
    Version:  Direct3D 11.0 [level 11.1]
    Renderer: NVIDIA GeForce RTX 3060 (ID=0x2504)
    Vendor:   NVIDIA
    VRAM:     12115 MB
    Driver:   32.0.15.5599
Initialize mono
Mono path[0] = 'C:/Program Files/Unity/Hub/Editor/2022.3.59f1/Editor/Data/Managed'
Mono path[1] = 'C:/Program Files/Unity/Hub/Editor/2022.3.59f1/Editor/Data/MonoBleedingEdge/lib/mono/unityjit-win32'
Mono config path = 'C:/Program Files/Unity/Hub/Editor/2022.3.59f1/Editor/Data/MonoBleedingEdge/etc'
Using monoOptions --debugger-agent=transport=dt_socket,embedding=1,server=y,suspend=n,address=127.0.0.1:56720
Begin MonoManager ReloadAssembly
Registering precompiled unity dll's ...
Register platform support module: C:/Program Files/Unity/Hub/Editor/2022.3.59f1/Editor/Data/PlaybackEngines/WindowsStandaloneSupport/UnityEditor.WindowsStandalone.Extensions.dll
Registered in 0.004432 seconds.
- Loaded All Assemblies, in  0.296 seconds
Native extension for WindowsStandalone target not found
Mono: successfully reloaded assembly
- Finished resetting the current domain, in  0.227 seconds
Domain Reload Profiling: 522ms
	BeginReloadAssembly (118ms)
		ExecutionOrderSort (0ms)
		DisableScriptedObjects (0ms)
		BackupInstance (0ms)
		ReleaseScriptingObjects (0ms)
		CreateAndSetChildDomain (1ms)
	RebuildCommonClasses (30ms)
	RebuildNativeTypeToScriptingClass (7ms)
	initialDomainReloadingComplete (47ms)
	LoadAllAssembliesAndSetupDomain (94ms)
		LoadAssemblies (115ms)
		RebuildTransferFunctionScriptingTraits (0ms)
		AnalyzeDomain (92ms)
			TypeCache.Refresh (91ms)
				TypeCache.ScanAssembly (82ms)
			ScanForSourceGeneratedMonoScriptInfo (0ms)
			ResolveRequiredComponents (0ms)
	FinalizeReload (227ms)
		ReleaseScriptCaches (0ms)
		RebuildScriptCaches (0ms)
		SetupLoadedEditorAssemblies (192ms)
			LogAssemblyErrors (0ms)
			InitializePlatformSupportModulesInManaged (7ms)
			SetLoadedEditorAssemblies (6ms)
			RefreshPlugins (0ms)
			BeforeProcessingInitializeOnLoad (2ms)
			ProcessInitializeOnLoadAttributes (117ms)
			ProcessInitializeOnLoadMethodAttributes (60ms)
			AfterProcessingInitializeOnLoad (0ms)
			EditorAssembliesLoaded (0ms)
		ExecutionOrderSort2 (0ms)
		AwakeInstancesAfterBackupRestoration (0ms)
========================================================================
Worker process is ready to serve import requests
Caller must complete domain reload
Begin MonoManager ReloadAssembly
- Loaded All Assemblies, in  0.501 seconds
Native extension for WindowsStandalone target not found
Mono: successfully reloaded assembly
- Finished resetting the current domain, in  0.457 seconds
Domain Reload Profiling: 957ms
	BeginReloadAssembly (113ms)
		ExecutionOrderSort (0ms)
		DisableScriptedObjects (4ms)
		BackupInstance (0ms)
		ReleaseScriptingObjects (0ms)
		CreateAndSetChildDomain (15ms)
	RebuildCommonClasses (24ms)
	RebuildNativeTypeToScriptingClass (7ms)
	initialDomainReloadingComplete (32ms)
	LoadAllAssembliesAndSetupDomain (323ms)
		LoadAssemblies (256ms)
		RebuildTransferFunctionScriptingTraits (0ms)
		AnalyzeDomain (135ms)
			TypeCache.Refresh (108ms)
				TypeCache.ScanAssembly (94ms)
			ScanForSourceGeneratedMonoScriptInfo (16ms)
			ResolveRequiredComponents (8ms)
	FinalizeReload (458ms)
		ReleaseScriptCaches (0ms)
		RebuildScriptCaches (0ms)
		SetupLoadedEditorAssemblies (350ms)
			LogAssemblyErrors (0ms)
			InitializePlatformSupportModulesInManaged (4ms)
			SetLoadedEditorAssemblies (2ms)
			RefreshPlugins (0ms)
			BeforeProcessingInitializeOnLoad (49ms)
			ProcessInitializeOnLoadAttributes (237ms)
			ProcessInitializeOnLoadMethodAttributes (54ms)
			AfterProcessingInitializeOnLoad (5ms)
			EditorAssembliesLoaded (0ms)
		ExecutionOrderSort2 (0ms)
		AwakeInstancesAfterBackupRestoration (7ms)
Launched and connected shader compiler UnityShaderCompiler.exe after 0.06 seconds
Refreshing native plugins compatible for Editor in 6.03 ms, found 3 plugins.
Preloading 0 native plugins for Editor in 0.00 ms.
Unloading 4885 Unused Serialized files (Serialized files now loaded: 0)
Unloading 24 unused Assets / (348.4 KB). Loaded Objects now: 5348.
Memory consumption went from 196.9 MB to 196.6 MB.
Total: 3.869200 ms (FindLiveObjects: 0.324400 ms CreateObjectMapping: 0.293400 ms MarkObjects: 3.047500 ms  DeleteObjects: 0.202000 ms)

AssetImportParameters requested are different than current active one (requested -> active):
  custom:container-demuxer-ogg: 62fdf1f143b41e24485cea50d1cbac27 -> 
  custom:video-codec-MediaFoundation-h265: 746d11721c4dcdbdad8f713fa42b33f4 -> 
  custom:video-decoder-ogg-theora: a1e56fd34408186e4bbccfd4996cb3dc -> 
  custom:framework-win-MediaFoundation: 216162199b28c13a410421893ffa2e32 -> 
  custom:CustomObjectIndexerAttribute: 72b91833f83ae208fae7752999fa3104 -> 
  custom:container-demuxer-webm: 4f35f7cbe854078d1ac9338744f61a02 -> 
  custom:container-muxer-webm: aa71ff27fc2769a1b78a27578f13a17b -> 
  custom:video-decoder-webm-vp8: 9c59270c3fd7afecdb556c50c9e8de78 -> 
  custom:SearchIndexIgnoredProperties: e643bd26f0fe6173181afceb89e7c659 -> 
  custom:AudioImporter_EditorPlatform: d09bf68614088b80899f8185d706f6e7 -> 
  custom:video-encoder-webm-vp8: eb34c28f22e8b96e1ab97ce403110664 -> 
  custom:audio-decoder-ogg-vorbis: bf7c407c2cedff20999df2af8eb42d56 -> 
  custom:audio-encoder-webm-vorbis: bf7c407c2cedff20999df2af8eb42d56 -> 
========================================================================
Received Import Request.
  Time since last request: 1227594.324857 seconds.
  path: Assets/FourEvilDragonsHP/Materials/DragonUsurper/RedHP.mat
  artifactKey: Guid(1131ac1e42ee4884ab91bd69310a2715) Importer(2089858483,0ecaa5967403d082aa24f35e1b516d23)
Start importing Assets/FourEvilDragonsHP/Materials/DragonUsurper/RedHP.mat using Guid(1131ac1e42ee4884ab91bd69310a2715) Importer(2089858483,0ecaa5967403d082aa24f35e1b516d23) [PhysX] Initialized MultithreadedTaskDispatcher with 20 workers.
 -> (artifact id: '5e640b4d4dc7c92df87bde69d819ad0c') in 0.141166 seconds
Number of updated asset objects reloaded before import = 0
Number of asset objects unloaded after import = 2
========================================================================
Received Import Request.
  Time since last request: 0.000017 seconds.
  path: Assets/FourEvilDragonsHP/Materials/DragonNightmare/GreenHP.mat
  artifactKey: Guid(ca5605f13d3937e40b508c59662c25fd) Importer(2089858483,0ecaa5967403d082aa24f35e1b516d23)
Start importing Assets/FourEvilDragonsHP/Materials/DragonNightmare/GreenHP.mat using Guid(ca5605f13d3937e40b508c59662c25fd) Importer(2089858483,0ecaa5967403d082aa24f35e1b516d23) [PhysX] Initialized MultithreadedTaskDispatcher with 20 workers.
 -> (artifact id: '8f037a109b7a1e268e8fde0f241df22a') in 0.011582 seconds
Number of updated asset objects reloaded before import = 0
Number of asset objects unloaded after import = 2
========================================================================
Received Import Request.
  Time since last request: 0.000024 seconds.
  path: Assets/FourEvilDragonsHP/Materials/DragonTerrorBringer/BlueHP.mat
  artifactKey: Guid(dcc7344671ccf0044a1fb5038007860e) Importer(2089858483,0ecaa5967403d082aa24f35e1b516d23)
Start importing Assets/FourEvilDragonsHP/Materials/DragonTerrorBringer/BlueHP.mat using Guid(dcc7344671ccf0044a1fb5038007860e) Importer(2089858483,0ecaa5967403d082aa24f35e1b516d23) [PhysX] Initialized MultithreadedTaskDispatcher with 20 workers.
 -> (artifact id: '83e8e78a962bc5bf3715a08f131e61a8') in 0.009915 seconds
Number of updated asset objects reloaded before import = 0
Number of asset objects unloaded after import = 2
========================================================================
Received Import Request.
  Time since last request: 0.000018 seconds.
  path: Assets/FourEvilDragonsHP/Materials/DragonSoulEater/BlueHP.mat
  artifactKey: Guid(5fcde950c31077243850f23d14ba9a5a) Importer(2089858483,0ecaa5967403d082aa24f35e1b516d23)
Start importing Assets/FourEvilDragonsHP/Materials/DragonSoulEater/BlueHP.mat using Guid(5fcde950c31077243850f23d14ba9a5a) Importer(2089858483,0ecaa5967403d082aa24f35e1b516d23) [PhysX] Initialized MultithreadedTaskDispatcher with 20 workers.
 -> (artifact id: 'ab6a656380afc5537178ae1e6820646f') in 0.006627 seconds
Number of updated asset objects reloaded before import = 0
Number of asset objects unloaded after import = 2
========================================================================
Received Import Request.
  Time since last request: 10.209649 seconds.
  path: Assets/FourEvilDragonsHP/Texture/DragonNightmare/DarkblueHP.png
  artifactKey: Guid(83df07905e20b824d8be5a7ce7876c00) Importer(815301076,1909f56bfc062723c751e8b465ee728b)
Start importing Assets/FourEvilDragonsHP/Texture/DragonNightmare/DarkblueHP.png using Guid(83df07905e20b824d8be5a7ce7876c00) Importer(815301076,1909f56bfc062723c751e8b465ee728b) [PhysX] Initialized MultithreadedTaskDispatcher with 20 workers.
[PhysX] Initialized MultithreadedTaskDispatcher with 20 workers.
 -> (artifact id: '26b08bad9391182b181e08dad042dcc5') in 0.041537 seconds
Number of updated asset objects reloaded before import = 0
Number of asset objects unloaded after import = 2
========================================================================
Received Import Request.
  Time since last request: 2.750931 seconds.
  path: Assets/FourEvilDragonsHP/Texture/DragonSoulEater/GreyHP.png
  artifactKey: Guid(cccba017d3327554eb393b69a5434097) Importer(815301076,1909f56bfc062723c751e8b465ee728b)
Start importing Assets/FourEvilDragonsHP/Texture/DragonSoulEater/GreyHP.png using Guid(cccba017d3327554eb393b69a5434097) Importer(815301076,1909f56bfc062723c751e8b465ee728b) [PhysX] Initialized MultithreadedTaskDispatcher with 20 workers.
[PhysX] Initialized MultithreadedTaskDispatcher with 20 workers.
 -> (artifact id: 'a8109e28f7dab8be720665a05d50b4eb') in 0.024793 seconds
Number of updated asset objects reloaded before import = 0
Number of asset objects unloaded after import = 2
========================================================================
Received Import Request.
  Time since last request: 0.616216 seconds.
  path: Assets/FourEvilDragonsHP/Texture/DragonTerrorBringer/purpleHP.png
  artifactKey: Guid(75239c16f6a0b7d4293cac07f14f0c33) Importer(815301076,1909f56bfc062723c751e8b465ee728b)
Start importing Assets/FourEvilDragonsHP/Texture/DragonTerrorBringer/purpleHP.png using Guid(75239c16f6a0b7d4293cac07f14f0c33) Importer(815301076,1909f56bfc062723c751e8b465ee728b) [PhysX] Initialized MultithreadedTaskDispatcher with 20 workers.
[PhysX] Initialized MultithreadedTaskDispatcher with 20 workers.
 -> (artifact id: '2bfb42c4affa3bdd985fb083e0130e3b') in 0.020352 seconds
Number of updated asset objects reloaded before import = 0
Number of asset objects unloaded after import = 2
========================================================================
Received Import Request.
  Time since last request: 7.485391 seconds.
  path: Assets/FourEvilDragonsHP/Texture/DragonUsurper/PurpleHP.png
  artifactKey: Guid(005cc54167f5bc347bda1b165320388f) Importer(815301076,1909f56bfc062723c751e8b465ee728b)
Start importing Assets/FourEvilDragonsHP/Texture/DragonUsurper/PurpleHP.png using Guid(005cc54167f5bc347bda1b165320388f) Importer(815301076,1909f56bfc062723c751e8b465ee728b) [PhysX] Initialized MultithreadedTaskDispatcher with 20 workers.
[PhysX] Initialized MultithreadedTaskDispatcher with 20 workers.
 -> (artifact id: '2f8dd46a24792aef7f611fbb8213c378') in 0.009538 seconds
Number of updated asset objects reloaded before import = 0
Number of asset objects unloaded after import = 2
========================================================================
Received Import Request.
  Time since last request: 4.506399 seconds.
  path: Assets/FourEvilDragonsHP/Prefab/DragonTerrorBringer/Purple.prefab
  artifactKey: Guid(8e302007cba46d94b970c6a0955b9628) Importer(815301076,1909f56bfc062723c751e8b465ee728b)
Start importing Assets/FourEvilDragonsHP/Prefab/DragonTerrorBringer/Purple.prefab using Guid(8e302007cba46d94b970c6a0955b9628) Importer(815301076,1909f56bfc062723c751e8b465ee728b) [PhysX] Initialized MultithreadedTaskDispatcher with 20 workers.
[PhysX] Initialized MultithreadedTaskDispatcher with 20 workers.
 -> (artifact id: '5c84d506ebed8f66825b6e90fbf2b1f6') in 0.791103 seconds
Number of updated asset objects reloaded before import = 0
Number of asset objects unloaded after import = 254
========================================================================
Received Import Request.
  Time since last request: 27.381893 seconds.
  path: Assets/FourEvilDragonsHP/Prefab/DragonNightmare/DarkBlue.prefab
  artifactKey: Guid(a3e7850e56f7e2d4a8cb9e150f10c835) Importer(815301076,1909f56bfc062723c751e8b465ee728b)
Start importing Assets/FourEvilDragonsHP/Prefab/DragonNightmare/DarkBlue.prefab using Guid(a3e7850e56f7e2d4a8cb9e150f10c835) Importer(815301076,1909f56bfc062723c751e8b465ee728b) [PhysX] Initialized MultithreadedTaskDispatcher with 20 workers.
[PhysX] Initialized MultithreadedTaskDispatcher with 20 workers.
 -> (artifact id: '07153a1dae10bd98df6fe2bb2853fe11') in 0.043366 seconds
Number of updated asset objects reloaded before import = 0
Number of asset objects unloaded after import = 207
========================================================================
Received Import Request.
  Time since last request: 3.109143 seconds.
  path: Assets/FourEvilDragonsHP/Prefab/DragonSoulEater/Grey.prefab
  artifactKey: Guid(36c38a65d57de7d4a9a582f9ee857701) Importer(815301076,1909f56bfc062723c751e8b465ee728b)
Start importing Assets/FourEvilDragonsHP/Prefab/DragonSoulEater/Grey.prefab using Guid(36c38a65d57de7d4a9a582f9ee857701) Importer(815301076,1909f56bfc062723c751e8b465ee728b) [PhysX] Initialized MultithreadedTaskDispatcher with 20 workers.
[PhysX] Initialized MultithreadedTaskDispatcher with 20 workers.
 -> (artifact id: '9a4c54aa26535460604368b23e206a13') in 0.028467 seconds
Number of updated asset objects reloaded before import = 0
Number of asset objects unloaded after import = 188
========================================================================
Received Import Request.
  Time since last request: 1.484437 seconds.
  path: Assets/FourEvilDragonsHP/Prefab/DragonUsurper/Purple.prefab
  artifactKey: Guid(09ade59177310454ba3c93ae4b7dc125) Importer(815301076,1909f56bfc062723c751e8b465ee728b)
Start importing Assets/FourEvilDragonsHP/Prefab/DragonUsurper/Purple.prefab using Guid(09ade59177310454ba3c93ae4b7dc125) Importer(815301076,1909f56bfc062723c751e8b465ee728b) [PhysX] Initialized MultithreadedTaskDispatcher with 20 workers.
[PhysX] Initialized MultithreadedTaskDispatcher with 20 workers.
 -> (artifact id: '756a1c3b389da697d38a7e3b8be3fca3') in 0.057005 seconds
Number of updated asset objects reloaded before import = 0
Number of asset objects unloaded after import = 307
========================================================================
Received Prepare
Caller must complete domain reload
Begin MonoManager ReloadAssembly
- Loaded All Assemblies, in  0.395 seconds
Native extension for WindowsStandalone target not found
Mono: successfully reloaded assembly
- Finished resetting the current domain, in  1.102 seconds
Domain Reload Profiling: 1496ms
	BeginReloadAssembly (150ms)
		ExecutionOrderSort (0ms)
		DisableScriptedObjects (7ms)
		BackupInstance (0ms)
		ReleaseScriptingObjects (0ms)
		CreateAndSetChildDomain (42ms)
	RebuildCommonClasses (23ms)
	RebuildNativeTypeToScriptingClass (8ms)
	initialDomainReloadingComplete (28ms)
	LoadAllAssembliesAndSetupDomain (185ms)
		LoadAssemblies (246ms)
		RebuildTransferFunctionScriptingTraits (0ms)
		AnalyzeDomain (14ms)
			TypeCache.Refresh (5ms)
				TypeCache.ScanAssembly (0ms)
			ScanForSourceGeneratedMonoScriptInfo (0ms)
			ResolveRequiredComponents (8ms)
	FinalizeReload (1102ms)
		ReleaseScriptCaches (0ms)
		RebuildScriptCaches (0ms)
		SetupLoadedEditorAssemblies (373ms)
			LogAssemblyErrors (0ms)
			InitializePlatformSupportModulesInManaged (5ms)
			SetLoadedEditorAssemblies (3ms)
			RefreshPlugins (0ms)
			BeforeProcessingInitializeOnLoad (55ms)
			ProcessInitializeOnLoadAttributes (247ms)
			ProcessInitializeOnLoadMethodAttributes (59ms)
			AfterProcessingInitializeOnLoad (4ms)
			EditorAssembliesLoaded (0ms)
		ExecutionOrderSort2 (0ms)
		AwakeInstancesAfterBackupRestoration (20ms)
Refreshing native plugins compatible for Editor in 7.23 ms, found 3 plugins.
Preloading 0 native plugins for Editor in 0.00 ms.
Unloading 4733 Unused Serialized files (Serialized files now loaded: 0)
Unloading 19 unused Assets / (315.9 KB). Loaded Objects now: 5401.
Memory consumption went from 177.6 MB to 177.3 MB.
Total: 3.448500 ms (FindLiveObjects: 0.308100 ms CreateObjectMapping: 0.261300 ms MarkObjects: 2.782200 ms  DeleteObjects: 0.095500 ms)

Prepare: number of updated asset objects reloaded= 0
AssetImportParameters requested are different than current active one (requested -> active):
  custom:container-demuxer-ogg: 62fdf1f143b41e24485cea50d1cbac27 -> 
  custom:video-codec-MediaFoundation-h265: 746d11721c4dcdbdad8f713fa42b33f4 -> 
  custom:video-decoder-ogg-theora: a1e56fd34408186e4bbccfd4996cb3dc -> 
  custom:framework-win-MediaFoundation: 216162199b28c13a410421893ffa2e32 -> 
  custom:CustomObjectIndexerAttribute: 72b91833f83ae208fae7752999fa3104 -> 
  custom:container-demuxer-webm: 4f35f7cbe854078d1ac9338744f61a02 -> 
  custom:container-muxer-webm: aa71ff27fc2769a1b78a27578f13a17b -> 
  custom:video-decoder-webm-vp8: 9c59270c3fd7afecdb556c50c9e8de78 -> 
  custom:SearchIndexIgnoredProperties: e643bd26f0fe6173181afceb89e7c659 -> 
  custom:AudioImporter_EditorPlatform: d09bf68614088b80899f8185d706f6e7 -> 
  custom:video-encoder-webm-vp8: eb34c28f22e8b96e1ab97ce403110664 -> 
  custom:audio-decoder-ogg-vorbis: bf7c407c2cedff20999df2af8eb42d56 -> 
  custom:audio-encoder-webm-vorbis: bf7c407c2cedff20999df2af8eb42d56 -> 
========================================================================
Received Prepare
Caller must complete domain reload
Begin MonoManager ReloadAssembly
- Loaded All Assemblies, in  0.352 seconds
Native extension for WindowsStandalone target not found
Mono: successfully reloaded assembly
- Finished resetting the current domain, in  1.097 seconds
Domain Reload Profiling: 1447ms
	BeginReloadAssembly (121ms)
		ExecutionOrderSort (0ms)
		DisableScriptedObjects (3ms)
		BackupInstance (0ms)
		ReleaseScriptingObjects (0ms)
		CreateAndSetChildDomain (25ms)
	RebuildCommonClasses (25ms)
	RebuildNativeTypeToScriptingClass (7ms)
	initialDomainReloadingComplete (24ms)
	LoadAllAssembliesAndSetupDomain (173ms)
		LoadAssemblies (223ms)
		RebuildTransferFunctionScriptingTraits (0ms)
		AnalyzeDomain (14ms)
			TypeCache.Refresh (5ms)
				TypeCache.ScanAssembly (0ms)
			ScanForSourceGeneratedMonoScriptInfo (0ms)
			ResolveRequiredComponents (7ms)
	FinalizeReload (1097ms)
		ReleaseScriptCaches (0ms)
		RebuildScriptCaches (0ms)
		SetupLoadedEditorAssemblies (375ms)
			LogAssemblyErrors (0ms)
			InitializePlatformSupportModulesInManaged (6ms)
			SetLoadedEditorAssemblies (3ms)
			RefreshPlugins (0ms)
			BeforeProcessingInitializeOnLoad (56ms)
			ProcessInitializeOnLoadAttributes (247ms)
			ProcessInitializeOnLoadMethodAttributes (58ms)
			AfterProcessingInitializeOnLoad (6ms)
			EditorAssembliesLoaded (0ms)
		ExecutionOrderSort2 (0ms)
		AwakeInstancesAfterBackupRestoration (23ms)
Refreshing native plugins compatible for Editor in 7.30 ms, found 3 plugins.
Preloading 0 native plugins for Editor in 0.00 ms.
Unloading 4733 Unused Serialized files (Serialized files now loaded: 0)
Unloading 19 unused Assets / (315.9 KB). Loaded Objects now: 5405.
Memory consumption went from 177.5 MB to 177.2 MB.
Total: 2.603300 ms (FindLiveObjects: 0.295800 ms CreateObjectMapping: 0.177900 ms MarkObjects: 2.057000 ms  DeleteObjects: 0.071700 ms)

Prepare: number of updated asset objects reloaded= 0
AssetImportParameters requested are different than current active one (requested -> active):
  custom:container-demuxer-ogg: 62fdf1f143b41e24485cea50d1cbac27 -> 
  custom:video-codec-MediaFoundation-h265: 746d11721c4dcdbdad8f713fa42b33f4 -> 
  custom:video-decoder-ogg-theora: a1e56fd34408186e4bbccfd4996cb3dc -> 
  custom:framework-win-MediaFoundation: 216162199b28c13a410421893ffa2e32 -> 
  custom:CustomObjectIndexerAttribute: 72b91833f83ae208fae7752999fa3104 -> 
  custom:container-demuxer-webm: 4f35f7cbe854078d1ac9338744f61a02 -> 
  custom:container-muxer-webm: aa71ff27fc2769a1b78a27578f13a17b -> 
  custom:video-decoder-webm-vp8: 9c59270c3fd7afecdb556c50c9e8de78 -> 
  custom:SearchIndexIgnoredProperties: e643bd26f0fe6173181afceb89e7c659 -> 
  custom:AudioImporter_EditorPlatform: d09bf68614088b80899f8185d706f6e7 -> 
  custom:video-encoder-webm-vp8: eb34c28f22e8b96e1ab97ce403110664 -> 
  custom:audio-decoder-ogg-vorbis: bf7c407c2cedff20999df2af8eb42d56 -> 
  custom:audio-encoder-webm-vorbis: bf7c407c2cedff20999df2af8eb42d56 -> 
========================================================================
Received Import Request.
  Time since last request: 446.677997 seconds.
  path: Assets/FourEvilDragonsHP/Prefab/DragonUsurper/Red.prefab
  artifactKey: Guid(eb58e8f2831a51f45a44a261e6710cdd) Importer(815301076,1909f56bfc062723c751e8b465ee728b)
Start importing Assets/FourEvilDragonsHP/Prefab/DragonUsurper/Red.prefab using Guid(eb58e8f2831a51f45a44a261e6710cdd) Importer(815301076,1909f56bfc062723c751e8b465ee728b) [PhysX] Initialized MultithreadedTaskDispatcher with 20 workers.
[PhysX] Initialized MultithreadedTaskDispatcher with 20 workers.
 -> (artifact id: '63b9e4472feca323b53b5f39292a6793') in 0.237144 seconds
Number of updated asset objects reloaded before import = 0
Number of asset objects unloaded after import = 326
========================================================================
Received Import Request.
  Time since last request: 41.154075 seconds.
  path: Assets/Blackthornprod/100 Fantasy Characters Pack/Sprites/bg9.png
  artifactKey: Guid(a066e0ac0e4cd1c46a12358f9729b01d) Importer(815301076,1909f56bfc062723c751e8b465ee728b)
Start importing Assets/Blackthornprod/100 Fantasy Characters Pack/Sprites/bg9.png using Guid(a066e0ac0e4cd1c46a12358f9729b01d) Importer(815301076,1909f56bfc062723c751e8b465ee728b) [PhysX] Initialized MultithreadedTaskDispatcher with 20 workers.
[PhysX] Initialized MultithreadedTaskDispatcher with 20 workers.
 -> (artifact id: '3fabd67b975a3a7ebfe1cc7753568a49') in 0.033763 seconds
Number of updated asset objects reloaded before import = 0
Number of asset objects unloaded after import = 3
========================================================================
Received Import Request.
  Time since last request: 6.125529 seconds.
  path: Assets/Blackthornprod/100 Fantasy Characters Pack/Prefabs/Character (1).prefab
  artifactKey: Guid(34a3833850ccfea4d8e03f8f79f95a8e) Importer(815301076,1909f56bfc062723c751e8b465ee728b)
Start importing Assets/Blackthornprod/100 Fantasy Characters Pack/Prefabs/Character (1).prefab using Guid(34a3833850ccfea4d8e03f8f79f95a8e) Importer(815301076,1909f56bfc062723c751e8b465ee728b) [PhysX] Initialized MultithreadedTaskDispatcher with 20 workers.
[PhysX] Initialized MultithreadedTaskDispatcher with 20 workers.
 -> (artifact id: 'd4f6d4d812464e7d50513a1916544648') in 0.118373 seconds
Number of updated asset objects reloaded before import = 0
Number of asset objects unloaded after import = 35
========================================================================
Received Import Request.
  Time since last request: 0.000040 seconds.
  path: Assets/Blackthornprod/100 Fantasy Characters Pack/Prefabs/Character (3).prefab
  artifactKey: Guid(2193cfa0c41207e4399c5aa3be1aa7e1) Importer(815301076,1909f56bfc062723c751e8b465ee728b)
Start importing Assets/Blackthornprod/100 Fantasy Characters Pack/Prefabs/Character (3).prefab using Guid(2193cfa0c41207e4399c5aa3be1aa7e1) Importer(815301076,1909f56bfc062723c751e8b465ee728b) [PhysX] Initialized MultithreadedTaskDispatcher with 20 workers.
[PhysX] Initialized MultithreadedTaskDispatcher with 20 workers.
 -> (artifact id: '7fd867deeef2c74605382f4260ae111f') in 0.056133 seconds
Number of updated asset objects reloaded before import = 0
Number of asset objects unloaded after import = 35
========================================================================
Received Import Request.
  Time since last request: 0.000037 seconds.
  path: Assets/Blackthornprod/100 Fantasy Characters Pack/Prefabs/Character (4).prefab
  artifactKey: Guid(8380884e642db8443af87c7857bf7829) Importer(815301076,1909f56bfc062723c751e8b465ee728b)
Start importing Assets/Blackthornprod/100 Fantasy Characters Pack/Prefabs/Character (4).prefab using Guid(8380884e642db8443af87c7857bf7829) Importer(815301076,1909f56bfc062723c751e8b465ee728b) [PhysX] Initialized MultithreadedTaskDispatcher with 20 workers.
[PhysX] Initialized MultithreadedTaskDispatcher with 20 workers.
 -> (artifact id: 'ef60893df0bf705ba12cc28617419cdd') in 0.070880 seconds
Number of updated asset objects reloaded before import = 0
Number of asset objects unloaded after import = 35
========================================================================
Received Import Request.
  Time since last request: 0.000023 seconds.
  path: Assets/Blackthornprod/100 Fantasy Characters Pack/Prefabs/Character (5).prefab
  artifactKey: Guid(77be1b8f1402d744cb067e39258fcedc) Importer(815301076,1909f56bfc062723c751e8b465ee728b)
Start importing Assets/Blackthornprod/100 Fantasy Characters Pack/Prefabs/Character (5).prefab using Guid(77be1b8f1402d744cb067e39258fcedc) Importer(815301076,1909f56bfc062723c751e8b465ee728b) [PhysX] Initialized MultithreadedTaskDispatcher with 20 workers.
[PhysX] Initialized MultithreadedTaskDispatcher with 20 workers.
 -> (artifact id: 'cf1193647785ce4ea63dfb71556fc5cd') in 0.041097 seconds
Number of updated asset objects reloaded before import = 0
Number of asset objects unloaded after import = 35
========================================================================
Received Import Request.
  Time since last request: 0.689149 seconds.
  path: Assets/Blackthornprod/100 Fantasy Characters Pack/Prefabs/Character (6).prefab
  artifactKey: Guid(108430a325e08c14a980d8c5955d7732) Importer(815301076,1909f56bfc062723c751e8b465ee728b)
Start importing Assets/Blackthornprod/100 Fantasy Characters Pack/Prefabs/Character (6).prefab using Guid(108430a325e08c14a980d8c5955d7732) Importer(815301076,1909f56bfc062723c751e8b465ee728b) [PhysX] Initialized MultithreadedTaskDispatcher with 20 workers.
[PhysX] Initialized MultithreadedTaskDispatcher with 20 workers.
 -> (artifact id: '6610ba349f5280b552365a55755252ca') in 0.033620 seconds
Number of updated asset objects reloaded before import = 0
Number of asset objects unloaded after import = 35
========================================================================
Received Import Request.
  Time since last request: 1.035995 seconds.
  path: Assets/Blackthornprod/100 Fantasy Characters Pack/Prefabs/Character (7).prefab
  artifactKey: Guid(d6690c8a416d60d40a83a0ef96994663) Importer(815301076,1909f56bfc062723c751e8b465ee728b)
Start importing Assets/Blackthornprod/100 Fantasy Characters Pack/Prefabs/Character (7).prefab using Guid(d6690c8a416d60d40a83a0ef96994663) Importer(815301076,1909f56bfc062723c751e8b465ee728b) [PhysX] Initialized MultithreadedTaskDispatcher with 20 workers.
[PhysX] Initialized MultithreadedTaskDispatcher with 20 workers.
 -> (artifact id: 'de0aff2636ace6f563a356a092c3103e') in 0.035321 seconds
Number of updated asset objects reloaded before import = 0
Number of asset objects unloaded after import = 35
========================================================================
Received Import Request.
  Time since last request: 0.010875 seconds.
  path: Assets/Blackthornprod/100 Fantasy Characters Pack/Prefabs/Character (8).prefab
  artifactKey: Guid(04557c871a7e606499e4598668edaafa) Importer(815301076,1909f56bfc062723c751e8b465ee728b)
Start importing Assets/Blackthornprod/100 Fantasy Characters Pack/Prefabs/Character (8).prefab using Guid(04557c871a7e606499e4598668edaafa) Importer(815301076,1909f56bfc062723c751e8b465ee728b) [PhysX] Initialized MultithreadedTaskDispatcher with 20 workers.
[PhysX] Initialized MultithreadedTaskDispatcher with 20 workers.
 -> (artifact id: '4b18ade1def3b739496321fde81798c6') in 0.036044 seconds
Number of updated asset objects reloaded before import = 0
Number of asset objects unloaded after import = 35
========================================================================
Received Import Request.
  Time since last request: 0.353204 seconds.
  path: Assets/Blackthornprod/100 Fantasy Characters Pack/Prefabs/Character (9).prefab
  artifactKey: Guid(361981530247ec54bb679f89e208d82f) Importer(815301076,1909f56bfc062723c751e8b465ee728b)
Start importing Assets/Blackthornprod/100 Fantasy Characters Pack/Prefabs/Character (9).prefab using Guid(361981530247ec54bb679f89e208d82f) Importer(815301076,1909f56bfc062723c751e8b465ee728b) [PhysX] Initialized MultithreadedTaskDispatcher with 20 workers.
[PhysX] Initialized MultithreadedTaskDispatcher with 20 workers.
 -> (artifact id: 'e404aec126454f57ca5dd5c145141161') in 0.034925 seconds
Number of updated asset objects reloaded before import = 0
Number of asset objects unloaded after import = 35
========================================================================
Received Import Request.
  Time since last request: 0.006749 seconds.
  path: Assets/Blackthornprod/100 Fantasy Characters Pack/Prefabs/Character (10).prefab
  artifactKey: Guid(60b087c28ab8707418b27d15864b078e) Importer(815301076,1909f56bfc062723c751e8b465ee728b)
Start importing Assets/Blackthornprod/100 Fantasy Characters Pack/Prefabs/Character (10).prefab using Guid(60b087c28ab8707418b27d15864b078e) Importer(815301076,1909f56bfc062723c751e8b465ee728b) [PhysX] Initialized MultithreadedTaskDispatcher with 20 workers.
[PhysX] Initialized MultithreadedTaskDispatcher with 20 workers.
 -> (artifact id: '74addc3dd34687da69c1776510b33923') in 0.033110 seconds
Number of updated asset objects reloaded before import = 0
Number of asset objects unloaded after import = 35
========================================================================
Received Import Request.
  Time since last request: 0.007429 seconds.
  path: Assets/Blackthornprod/100 Fantasy Characters Pack/Prefabs/Character (11).prefab
  artifactKey: Guid(d21efaa207e26914794fa3e010b7c5bf) Importer(815301076,1909f56bfc062723c751e8b465ee728b)
Start importing Assets/Blackthornprod/100 Fantasy Characters Pack/Prefabs/Character (11).prefab using Guid(d21efaa207e26914794fa3e010b7c5bf) Importer(815301076,1909f56bfc062723c751e8b465ee728b) [PhysX] Initialized MultithreadedTaskDispatcher with 20 workers.
[PhysX] Initialized MultithreadedTaskDispatcher with 20 workers.
 -> (artifact id: 'c2f8dfc8ca6b1ba4dbe5a86c7f80e141') in 0.031532 seconds
Number of updated asset objects reloaded before import = 0
Number of asset objects unloaded after import = 26
========================================================================
Received Import Request.
  Time since last request: 0.342593 seconds.
  path: Assets/Blackthornprod/100 Fantasy Characters Pack/Prefabs/Character (12).prefab
  artifactKey: Guid(da87870c43885da43b5816cfd4d5ec9e) Importer(815301076,1909f56bfc062723c751e8b465ee728b)
Start importing Assets/Blackthornprod/100 Fantasy Characters Pack/Prefabs/Character (12).prefab using Guid(da87870c43885da43b5816cfd4d5ec9e) Importer(815301076,1909f56bfc062723c751e8b465ee728b) [PhysX] Initialized MultithreadedTaskDispatcher with 20 workers.
[PhysX] Initialized MultithreadedTaskDispatcher with 20 workers.
 -> (artifact id: 'c21a03809130fbbf04669e1b3c846fd3') in 0.033531 seconds
Number of updated asset objects reloaded before import = 0
Number of asset objects unloaded after import = 26
========================================================================
Received Import Request.
  Time since last request: 0.007953 seconds.
  path: Assets/Blackthornprod/100 Fantasy Characters Pack/Prefabs/Character (13).prefab
  artifactKey: Guid(eed26d9bbfc4c97498e43126828eb2da) Importer(815301076,1909f56bfc062723c751e8b465ee728b)
Start importing Assets/Blackthornprod/100 Fantasy Characters Pack/Prefabs/Character (13).prefab using Guid(eed26d9bbfc4c97498e43126828eb2da) Importer(815301076,1909f56bfc062723c751e8b465ee728b) [PhysX] Initialized MultithreadedTaskDispatcher with 20 workers.
[PhysX] Initialized MultithreadedTaskDispatcher with 20 workers.
 -> (artifact id: 'db107524ba27f9bb0fe7085bbbd6ce84') in 0.031474 seconds
Number of updated asset objects reloaded before import = 0
Number of asset objects unloaded after import = 26
========================================================================
Received Import Request.
  Time since last request: 0.361014 seconds.
  path: Assets/Blackthornprod/100 Fantasy Characters Pack/Prefabs/Character (15).prefab
  artifactKey: Guid(96196b80ec9d1c142aa664ab0846055a) Importer(815301076,1909f56bfc062723c751e8b465ee728b)
Start importing Assets/Blackthornprod/100 Fantasy Characters Pack/Prefabs/Character (15).prefab using Guid(96196b80ec9d1c142aa664ab0846055a) Importer(815301076,1909f56bfc062723c751e8b465ee728b) [PhysX] Initialized MultithreadedTaskDispatcher with 20 workers.
[PhysX] Initialized MultithreadedTaskDispatcher with 20 workers.
 -> (artifact id: '239fb7b1484f51d855606841777f4983') in 0.035373 seconds
Number of updated asset objects reloaded before import = 0
Number of asset objects unloaded after import = 26
========================================================================
Received Import Request.
  Time since last request: 0.330706 seconds.
  path: Assets/Blackthornprod/100 Fantasy Characters Pack/Prefabs/Character (17).prefab
  artifactKey: Guid(4b6e3090f4407fc4892cd3e5a35f4299) Importer(815301076,1909f56bfc062723c751e8b465ee728b)
Start importing Assets/Blackthornprod/100 Fantasy Characters Pack/Prefabs/Character (17).prefab using Guid(4b6e3090f4407fc4892cd3e5a35f4299) Importer(815301076,1909f56bfc062723c751e8b465ee728b) [PhysX] Initialized MultithreadedTaskDispatcher with 20 workers.
[PhysX] Initialized MultithreadedTaskDispatcher with 20 workers.
 -> (artifact id: 'f1f859965b15462806f794851d2191cd') in 0.038716 seconds
Number of updated asset objects reloaded before import = 0
Number of asset objects unloaded after import = 26
========================================================================
Received Import Request.
  Time since last request: 0.317326 seconds.
  path: Assets/Blackthornprod/100 Fantasy Characters Pack/Prefabs/Character (19).prefab
  artifactKey: Guid(80eb693f7c9ad06449a916427c057f7a) Importer(815301076,1909f56bfc062723c751e8b465ee728b)
Start importing Assets/Blackthornprod/100 Fantasy Characters Pack/Prefabs/Character (19).prefab using Guid(80eb693f7c9ad06449a916427c057f7a) Importer(815301076,1909f56bfc062723c751e8b465ee728b) [PhysX] Initialized MultithreadedTaskDispatcher with 20 workers.
[PhysX] Initialized MultithreadedTaskDispatcher with 20 workers.
 -> (artifact id: '1fd4f21396bbc103620fd641daf7cf03') in 0.038027 seconds
Number of updated asset objects reloaded before import = 0
Number of asset objects unloaded after import = 26
========================================================================
Received Import Request.
  Time since last request: 0.296542 seconds.
  path: Assets/Blackthornprod/100 Fantasy Characters Pack/Prefabs/Character (21).prefab
  artifactKey: Guid(06454df7ad9792347b3970115aeda769) Importer(815301076,1909f56bfc062723c751e8b465ee728b)
Start importing Assets/Blackthornprod/100 Fantasy Characters Pack/Prefabs/Character (21).prefab using Guid(06454df7ad9792347b3970115aeda769) Importer(815301076,1909f56bfc062723c751e8b465ee728b) [PhysX] Initialized MultithreadedTaskDispatcher with 20 workers.
[PhysX] Initialized MultithreadedTaskDispatcher with 20 workers.
 -> (artifact id: 'd29928dcb8ed58c4b6d58410c650cf04') in 0.038735 seconds
Number of updated asset objects reloaded before import = 0
Number of asset objects unloaded after import = 19
========================================================================
Received Import Request.
  Time since last request: 0.286048 seconds.
  path: Assets/Blackthornprod/100 Fantasy Characters Pack/Prefabs/Character (23).prefab
  artifactKey: Guid(48c5a8cc8559e0744a87a88cf09387fb) Importer(815301076,1909f56bfc062723c751e8b465ee728b)
Start importing Assets/Blackthornprod/100 Fantasy Characters Pack/Prefabs/Character (23).prefab using Guid(48c5a8cc8559e0744a87a88cf09387fb) Importer(815301076,1909f56bfc062723c751e8b465ee728b) [PhysX] Initialized MultithreadedTaskDispatcher with 20 workers.
[PhysX] Initialized MultithreadedTaskDispatcher with 20 workers.
 -> (artifact id: '496a2b68f5d047b6f406b3ebb6d999f3') in 0.038932 seconds
Number of updated asset objects reloaded before import = 0
Number of asset objects unloaded after import = 19
========================================================================
Received Import Request.
  Time since last request: 0.340789 seconds.
  path: Assets/Blackthornprod/100 Fantasy Characters Pack/Prefabs/Character (26).prefab
  artifactKey: Guid(666b7562ea8286a4c9a73ecbcde9f679) Importer(815301076,1909f56bfc062723c751e8b465ee728b)
Start importing Assets/Blackthornprod/100 Fantasy Characters Pack/Prefabs/Character (26).prefab using Guid(666b7562ea8286a4c9a73ecbcde9f679) Importer(815301076,1909f56bfc062723c751e8b465ee728b) [PhysX] Initialized MultithreadedTaskDispatcher with 20 workers.
[PhysX] Initialized MultithreadedTaskDispatcher with 20 workers.
 -> (artifact id: 'bdaaee078da0a4f92f26b53c9e19fcf5') in 0.040509 seconds
Number of updated asset objects reloaded before import = 0
Number of asset objects unloaded after import = 19
========================================================================
Received Import Request.
  Time since last request: 1.677155 seconds.
  path: Assets/Blackthornprod/100 Fantasy Characters Pack/Prefabs/Character (32).prefab
  artifactKey: Guid(99ea183cd1f90814eb99d1c2db2de578) Importer(815301076,1909f56bfc062723c751e8b465ee728b)
Start importing Assets/Blackthornprod/100 Fantasy Characters Pack/Prefabs/Character (32).prefab using Guid(99ea183cd1f90814eb99d1c2db2de578) Importer(815301076,1909f56bfc062723c751e8b465ee728b) [PhysX] Initialized MultithreadedTaskDispatcher with 20 workers.
[PhysX] Initialized MultithreadedTaskDispatcher with 20 workers.
 -> (artifact id: '609ff43bd4cb9d37011e7b2c62e110f4') in 0.038314 seconds
Number of updated asset objects reloaded before import = 0
Number of asset objects unloaded after import = 31
========================================================================
Received Import Request.
  Time since last request: 0.359366 seconds.
  path: Assets/Blackthornprod/100 Fantasy Characters Pack/Prefabs/Character (34).prefab
  artifactKey: Guid(0db0fd3c61b5a7f4d9cc86d9dd2e7ca6) Importer(815301076,1909f56bfc062723c751e8b465ee728b)
Start importing Assets/Blackthornprod/100 Fantasy Characters Pack/Prefabs/Character (34).prefab using Guid(0db0fd3c61b5a7f4d9cc86d9dd2e7ca6) Importer(815301076,1909f56bfc062723c751e8b465ee728b) [PhysX] Initialized MultithreadedTaskDispatcher with 20 workers.
[PhysX] Initialized MultithreadedTaskDispatcher with 20 workers.
 -> (artifact id: '21023cbfd9877f6da885b2766695b8b9') in 0.040072 seconds
Number of updated asset objects reloaded before import = 0
Number of asset objects unloaded after import = 31
========================================================================
Received Import Request.
  Time since last request: 1.308589 seconds.
  path: Assets/Blackthornprod/100 Fantasy Characters Pack/Prefabs/Character (37).prefab
  artifactKey: Guid(7f870ed1a3aa0c74cbda9323878b98a1) Importer(815301076,1909f56bfc062723c751e8b465ee728b)
Start importing Assets/Blackthornprod/100 Fantasy Characters Pack/Prefabs/Character (37).prefab using Guid(7f870ed1a3aa0c74cbda9323878b98a1) Importer(815301076,1909f56bfc062723c751e8b465ee728b) [PhysX] Initialized MultithreadedTaskDispatcher with 20 workers.
[PhysX] Initialized MultithreadedTaskDispatcher with 20 workers.
 -> (artifact id: 'c5590c2b9f44689ec0772ab547e3d926') in 0.048052 seconds
Number of updated asset objects reloaded before import = 0
Number of asset objects unloaded after import = 24
========================================================================
Received Import Request.
  Time since last request: 0.000046 seconds.
  path: Assets/Blackthornprod/100 Fantasy Characters Pack/Prefabs/Character (41).prefab
  artifactKey: Guid(e24c9a1a4fb8a7f45bf6ac000b47ec8f) Importer(815301076,1909f56bfc062723c751e8b465ee728b)
Start importing Assets/Blackthornprod/100 Fantasy Characters Pack/Prefabs/Character (41).prefab using Guid(e24c9a1a4fb8a7f45bf6ac000b47ec8f) Importer(815301076,1909f56bfc062723c751e8b465ee728b) [PhysX] Initialized MultithreadedTaskDispatcher with 20 workers.
[PhysX] Initialized MultithreadedTaskDispatcher with 20 workers.
 -> (artifact id: 'ad636a3165f8b9c101a74694c85ae423') in 0.048045 seconds
Number of updated asset objects reloaded before import = 0
Number of asset objects unloaded after import = 24
========================================================================
Received Import Request.
  Time since last request: 0.000079 seconds.
  path: Assets/Blackthornprod/100 Fantasy Characters Pack/Prefabs/Character (47).prefab
  artifactKey: Guid(7e657be82e059cd4fab722425109b320) Importer(815301076,1909f56bfc062723c751e8b465ee728b)
Start importing Assets/Blackthornprod/100 Fantasy Characters Pack/Prefabs/Character (47).prefab using Guid(7e657be82e059cd4fab722425109b320) Importer(815301076,1909f56bfc062723c751e8b465ee728b) [PhysX] Initialized MultithreadedTaskDispatcher with 20 workers.
[PhysX] Initialized MultithreadedTaskDispatcher with 20 workers.
 -> (artifact id: '84afb5d8b89c52f151ed0ecb3a7b692b') in 0.038126 seconds
Number of updated asset objects reloaded before import = 0
Number of asset objects unloaded after import = 24
========================================================================
Received Import Request.
  Time since last request: 0.000046 seconds.
  path: Assets/Blackthornprod/100 Fantasy Characters Pack/Prefabs/Character (53).prefab
  artifactKey: Guid(108c51af55bb592499f571c46a6355f3) Importer(815301076,1909f56bfc062723c751e8b465ee728b)
Start importing Assets/Blackthornprod/100 Fantasy Characters Pack/Prefabs/Character (53).prefab using Guid(108c51af55bb592499f571c46a6355f3) Importer(815301076,1909f56bfc062723c751e8b465ee728b) [PhysX] Initialized MultithreadedTaskDispatcher with 20 workers.
[PhysX] Initialized MultithreadedTaskDispatcher with 20 workers.
 -> (artifact id: '6a929be33d70f3f6dcc08a25cfe90528') in 0.039824 seconds
Number of updated asset objects reloaded before import = 0
Number of asset objects unloaded after import = 35
========================================================================
Received Import Request.
  Time since last request: 0.000047 seconds.
  path: Assets/Blackthornprod/100 Fantasy Characters Pack/Prefabs/Character (63).prefab
  artifactKey: Guid(041f3ec81dd2bf24c8bf0dc01c13fa0d) Importer(815301076,1909f56bfc062723c751e8b465ee728b)
Start importing Assets/Blackthornprod/100 Fantasy Characters Pack/Prefabs/Character (63).prefab using Guid(041f3ec81dd2bf24c8bf0dc01c13fa0d) Importer(815301076,1909f56bfc062723c751e8b465ee728b) [PhysX] Initialized MultithreadedTaskDispatcher with 20 workers.
[PhysX] Initialized MultithreadedTaskDispatcher with 20 workers.
 -> (artifact id: '89c62ad8925fb85f91b3b86d8dbeb1bf') in 0.039401 seconds
Number of updated asset objects reloaded before import = 0
Number of asset objects unloaded after import = 37
========================================================================
Received Import Request.
  Time since last request: 0.000042 seconds.
  path: Assets/Blackthornprod/100 Fantasy Characters Pack/Prefabs/Character (69).prefab
  artifactKey: Guid(20b27d1883adb2247b53f1c3950a6d3c) Importer(815301076,1909f56bfc062723c751e8b465ee728b)
Start importing Assets/Blackthornprod/100 Fantasy Characters Pack/Prefabs/Character (69).prefab using Guid(20b27d1883adb2247b53f1c3950a6d3c) Importer(815301076,1909f56bfc062723c751e8b465ee728b) [PhysX] Initialized MultithreadedTaskDispatcher with 20 workers.
[PhysX] Initialized MultithreadedTaskDispatcher with 20 workers.
 -> (artifact id: '7d5f7d7afaed88157259bb82cd92fd9c') in 0.037953 seconds
Number of updated asset objects reloaded before import = 0
Number of asset objects unloaded after import = 37
========================================================================
Received Import Request.
  Time since last request: 0.000044 seconds.
  path: Assets/Blackthornprod/100 Fantasy Characters Pack/Prefabs/Character (75).prefab
  artifactKey: Guid(14a5fab228cddae4ca51bab673ddf8f3) Importer(815301076,1909f56bfc062723c751e8b465ee728b)
Start importing Assets/Blackthornprod/100 Fantasy Characters Pack/Prefabs/Character (75).prefab using Guid(14a5fab228cddae4ca51bab673ddf8f3) Importer(815301076,1909f56bfc062723c751e8b465ee728b) [PhysX] Initialized MultithreadedTaskDispatcher with 20 workers.
[PhysX] Initialized MultithreadedTaskDispatcher with 20 workers.
 -> (artifact id: '8bd02be26278c6e5e540e43c0f2123e9') in 0.039329 seconds
Number of updated asset objects reloaded before import = 0
Number of asset objects unloaded after import = 31
========================================================================
Received Import Request.
  Time since last request: 0.000056 seconds.
  path: Assets/Blackthornprod/100 Fantasy Characters Pack/Prefabs/Character (82).prefab
  artifactKey: Guid(d58a714be4d79244685ad402c0f7401c) Importer(815301076,1909f56bfc062723c751e8b465ee728b)
Start importing Assets/Blackthornprod/100 Fantasy Characters Pack/Prefabs/Character (82).prefab using Guid(d58a714be4d79244685ad402c0f7401c) Importer(815301076,1909f56bfc062723c751e8b465ee728b) [PhysX] Initialized MultithreadedTaskDispatcher with 20 workers.
[PhysX] Initialized MultithreadedTaskDispatcher with 20 workers.
 -> (artifact id: 'fccac1abed7760f4f391eb852c8817d2') in 0.038482 seconds
Number of updated asset objects reloaded before import = 0
Number of asset objects unloaded after import = 33
========================================================================
Received Import Request.
  Time since last request: 0.000043 seconds.
  path: Assets/Blackthornprod/100 Fantasy Characters Pack/Prefabs/Character (90).prefab
  artifactKey: Guid(286d16fffd5089345bfa77466ffbdeef) Importer(815301076,1909f56bfc062723c751e8b465ee728b)
Start importing Assets/Blackthornprod/100 Fantasy Characters Pack/Prefabs/Character (90).prefab using Guid(286d16fffd5089345bfa77466ffbdeef) Importer(815301076,1909f56bfc062723c751e8b465ee728b) [PhysX] Initialized MultithreadedTaskDispatcher with 20 workers.
[PhysX] Initialized MultithreadedTaskDispatcher with 20 workers.
 -> (artifact id: '332ed1f76a76bbf427222e229c2e7f73') in 0.036779 seconds
Number of updated asset objects reloaded before import = 0
Number of asset objects unloaded after import = 38
========================================================================
Received Import Request.
  Time since last request: 0.000033 seconds.
  path: Assets/Blackthornprod/100 Fantasy Characters Pack/Prefabs/Character (89).prefab
  artifactKey: Guid(499378fa1b3325f418a4969b1fc6506a) Importer(815301076,1909f56bfc062723c751e8b465ee728b)
Start importing Assets/Blackthornprod/100 Fantasy Characters Pack/Prefabs/Character (89).prefab using Guid(499378fa1b3325f418a4969b1fc6506a) Importer(815301076,1909f56bfc062723c751e8b465ee728b) [PhysX] Initialized MultithreadedTaskDispatcher with 20 workers.
[PhysX] Initialized MultithreadedTaskDispatcher with 20 workers.
 -> (artifact id: '0314e1d7db869f29a96a966b33016cc8') in 0.034808 seconds
Number of updated asset objects reloaded before import = 0
Number of asset objects unloaded after import = 38
========================================================================
Received Import Request.
  Time since last request: 0.000047 seconds.
  path: Assets/Blackthornprod/100 Fantasy Characters Pack/Prefabs/Character (77).prefab
  artifactKey: Guid(f17b7cc498268f94aa53eebff02daaa3) Importer(815301076,1909f56bfc062723c751e8b465ee728b)
Start importing Assets/Blackthornprod/100 Fantasy Characters Pack/Prefabs/Character (77).prefab using Guid(f17b7cc498268f94aa53eebff02daaa3) Importer(815301076,1909f56bfc062723c751e8b465ee728b) [PhysX] Initialized MultithreadedTaskDispatcher with 20 workers.
[PhysX] Initialized MultithreadedTaskDispatcher with 20 workers.
 -> (artifact id: '594a6e2124b3a4a0de6678351b3ae8a4') in 0.035644 seconds
Number of updated asset objects reloaded before import = 0
Number of asset objects unloaded after import = 31
========================================================================
Received Import Request.
  Time since last request: 0.000040 seconds.
  path: Assets/Blackthornprod/100 Fantasy Characters Pack/Prefabs/Character (51).prefab
  artifactKey: Guid(7661e6f100a621140b411ebb597bf16c) Importer(815301076,1909f56bfc062723c751e8b465ee728b)
Start importing Assets/Blackthornprod/100 Fantasy Characters Pack/Prefabs/Character (51).prefab using Guid(7661e6f100a621140b411ebb597bf16c) Importer(815301076,1909f56bfc062723c751e8b465ee728b) [PhysX] Initialized MultithreadedTaskDispatcher with 20 workers.
[PhysX] Initialized MultithreadedTaskDispatcher with 20 workers.
 -> (artifact id: '2b8c1693a211967ea553d99e59757d17') in 0.041449 seconds
Number of updated asset objects reloaded before import = 0
Number of asset objects unloaded after import = 35
========================================================================
Received Import Request.
  Time since last request: 0.000061 seconds.
  path: Assets/Blackthornprod/100 Fantasy Characters Pack/Prefabs/Character (91).prefab
  artifactKey: Guid(2b214d67225396c41b6e252ceb50cf9f) Importer(815301076,1909f56bfc062723c751e8b465ee728b)
Start importing Assets/Blackthornprod/100 Fantasy Characters Pack/Prefabs/Character (91).prefab using Guid(2b214d67225396c41b6e252ceb50cf9f) Importer(815301076,1909f56bfc062723c751e8b465ee728b) [PhysX] Initialized MultithreadedTaskDispatcher with 20 workers.
[PhysX] Initialized MultithreadedTaskDispatcher with 20 workers.
 -> (artifact id: '0080901e7e5d67c7fc175c1cb1ee13ba') in 0.039781 seconds
Number of updated asset objects reloaded before import = 0
Number of asset objects unloaded after import = 36
========================================================================
Received Import Request.
  Time since last request: 0.000041 seconds.
  path: Assets/Blackthornprod/100 Fantasy Characters Pack/Prefabs/Character (59).prefab
  artifactKey: Guid(79ec2be95a5ca5c499f466271432196c) Importer(815301076,1909f56bfc062723c751e8b465ee728b)
Start importing Assets/Blackthornprod/100 Fantasy Characters Pack/Prefabs/Character (59).prefab using Guid(79ec2be95a5ca5c499f466271432196c) Importer(815301076,1909f56bfc062723c751e8b465ee728b) [PhysX] Initialized MultithreadedTaskDispatcher with 20 workers.
[PhysX] Initialized MultithreadedTaskDispatcher with 20 workers.
 -> (artifact id: 'a247db55e1669efeae54fae4320aa218') in 0.036983 seconds
Number of updated asset objects reloaded before import = 0
Number of asset objects unloaded after import = 35
========================================================================
Received Import Request.
  Time since last request: 0.000035 seconds.
  path: Assets/Blackthornprod/100 Fantasy Characters Pack/Prefabs/Character (84).prefab
  artifactKey: Guid(a107feb0bdde46a4b86e7f7166c1028c) Importer(815301076,1909f56bfc062723c751e8b465ee728b)
Start importing Assets/Blackthornprod/100 Fantasy Characters Pack/Prefabs/Character (84).prefab using Guid(a107feb0bdde46a4b86e7f7166c1028c) Importer(815301076,1909f56bfc062723c751e8b465ee728b) [PhysX] Initialized MultithreadedTaskDispatcher with 20 workers.
[PhysX] Initialized MultithreadedTaskDispatcher with 20 workers.
 -> (artifact id: '451c001accf7abba356d0e086e74bfa9') in 0.036416 seconds
Number of updated asset objects reloaded before import = 0
Number of asset objects unloaded after import = 37
========================================================================
Received Import Request.
  Time since last request: 0.000048 seconds.
  path: Assets/Blackthornprod/100 Fantasy Characters Pack/Prefabs/Character (70).prefab
  artifactKey: Guid(6c686da733391a643b04b11f07639a1c) Importer(815301076,1909f56bfc062723c751e8b465ee728b)
Start importing Assets/Blackthornprod/100 Fantasy Characters Pack/Prefabs/Character (70).prefab using Guid(6c686da733391a643b04b11f07639a1c) Importer(815301076,1909f56bfc062723c751e8b465ee728b) [PhysX] Initialized MultithreadedTaskDispatcher with 20 workers.
[PhysX] Initialized MultithreadedTaskDispatcher with 20 workers.
 -> (artifact id: '0d14d11ebd502442dfe8ace7aeaa14e4') in 0.037163 seconds
Number of updated asset objects reloaded before import = 0
Number of asset objects unloaded after import = 37
========================================================================
Received Import Request.
  Time since last request: 0.000043 seconds.
  path: Assets/Blackthornprod/100 Fantasy Characters Pack/Prefabs/Character (66).prefab
  artifactKey: Guid(75d7cc2e31209bf47a742f25bd96146b) Importer(815301076,1909f56bfc062723c751e8b465ee728b)
Start importing Assets/Blackthornprod/100 Fantasy Characters Pack/Prefabs/Character (66).prefab using Guid(75d7cc2e31209bf47a742f25bd96146b) Importer(815301076,1909f56bfc062723c751e8b465ee728b) [PhysX] Initialized MultithreadedTaskDispatcher with 20 workers.
[PhysX] Initialized MultithreadedTaskDispatcher with 20 workers.
 -> (artifact id: 'a7095c7e0197a82f6dc46e35d609083c') in 0.036111 seconds
Number of updated asset objects reloaded before import = 0
Number of asset objects unloaded after import = 37
========================================================================
Received Import Request.
  Time since last request: 0.000053 seconds.
  path: Assets/Blackthornprod/100 Fantasy Characters Pack/Prefabs/Character (85).prefab
  artifactKey: Guid(a0ffb166766504e48a502f90d5effb01) Importer(815301076,1909f56bfc062723c751e8b465ee728b)
Start importing Assets/Blackthornprod/100 Fantasy Characters Pack/Prefabs/Character (85).prefab using Guid(a0ffb166766504e48a502f90d5effb01) Importer(815301076,1909f56bfc062723c751e8b465ee728b) [PhysX] Initialized MultithreadedTaskDispatcher with 20 workers.
[PhysX] Initialized MultithreadedTaskDispatcher with 20 workers.
 -> (artifact id: '54d116bd3c8907cb9128625219108a9f') in 0.038852 seconds
Number of updated asset objects reloaded before import = 0
Number of asset objects unloaded after import = 38
========================================================================
Received Import Request.
  Time since last request: 0.000048 seconds.
  path: Assets/Blackthornprod/100 Fantasy Characters Pack/Prefabs/Character (88).prefab
  artifactKey: Guid(5a05396cc3a326e40a09d09054e09d2a) Importer(815301076,1909f56bfc062723c751e8b465ee728b)
Start importing Assets/Blackthornprod/100 Fantasy Characters Pack/Prefabs/Character (88).prefab using Guid(5a05396cc3a326e40a09d09054e09d2a) Importer(815301076,1909f56bfc062723c751e8b465ee728b) [PhysX] Initialized MultithreadedTaskDispatcher with 20 workers.
[PhysX] Initialized MultithreadedTaskDispatcher with 20 workers.
 -> (artifact id: '28caa54275f3deaef4bb5485a31d040c') in 0.036681 seconds
Number of updated asset objects reloaded before import = 0
Number of asset objects unloaded after import = 38
========================================================================
Received Import Request.
  Time since last request: 0.764498 seconds.
  path: Assets/Blackthornprod/100 Fantasy Characters Pack/Prefabs/Character (94).prefab
  artifactKey: Guid(40b8a96eaef38c344a812912543da0e3) Importer(815301076,1909f56bfc062723c751e8b465ee728b)
Start importing Assets/Blackthornprod/100 Fantasy Characters Pack/Prefabs/Character (94).prefab using Guid(40b8a96eaef38c344a812912543da0e3) Importer(815301076,1909f56bfc062723c751e8b465ee728b) [PhysX] Initialized MultithreadedTaskDispatcher with 20 workers.
[PhysX] Initialized MultithreadedTaskDispatcher with 20 workers.
 -> (artifact id: 'a1a108a7d40a70e9539ae24f068ff3d0') in 0.035477 seconds
Number of updated asset objects reloaded before import = 0
Number of asset objects unloaded after import = 36
========================================================================
Received Import Request.
  Time since last request: 0.000039 seconds.
  path: Assets/Blackthornprod/100 Fantasy Characters Pack/Prefabs/Character (96).prefab
  artifactKey: Guid(4a720944a115d9447a4996ddaa03525b) Importer(815301076,1909f56bfc062723c751e8b465ee728b)
Start importing Assets/Blackthornprod/100 Fantasy Characters Pack/Prefabs/Character (96).prefab using Guid(4a720944a115d9447a4996ddaa03525b) Importer(815301076,1909f56bfc062723c751e8b465ee728b) [PhysX] Initialized MultithreadedTaskDispatcher with 20 workers.
[PhysX] Initialized MultithreadedTaskDispatcher with 20 workers.
 -> (artifact id: '8c295a42025544d8e07feedfe9689ce4') in 0.034763 seconds
Number of updated asset objects reloaded before import = 0
Number of asset objects unloaded after import = 43
========================================================================
Received Import Request.
  Time since last request: 0.005236 seconds.
  path: Assets/Blackthornprod/100 Fantasy Characters Pack/Prefabs/Character (98).prefab
  artifactKey: Guid(aeba40512eeb4e547ac7c0ca6f5ebcd1) Importer(815301076,1909f56bfc062723c751e8b465ee728b)
Start importing Assets/Blackthornprod/100 Fantasy Characters Pack/Prefabs/Character (98).prefab using Guid(aeba40512eeb4e547ac7c0ca6f5ebcd1) Importer(815301076,1909f56bfc062723c751e8b465ee728b) [PhysX] Initialized MultithreadedTaskDispatcher with 20 workers.
[PhysX] Initialized MultithreadedTaskDispatcher with 20 workers.
 -> (artifact id: 'd615b06a99fe7b923315569c35a0daec') in 0.034059 seconds
Number of updated asset objects reloaded before import = 0
Number of asset objects unloaded after import = 43
========================================================================
Received Import Request.
  Time since last request: 0.075565 seconds.
  path: Assets/Blackthornprod/100 Fantasy Characters Pack/Prefabs/Character (100).prefab
  artifactKey: Guid(66d6b25677cc926438be05a46d880c14) Importer(815301076,1909f56bfc062723c751e8b465ee728b)
Start importing Assets/Blackthornprod/100 Fantasy Characters Pack/Prefabs/Character (100).prefab using Guid(66d6b25677cc926438be05a46d880c14) Importer(815301076,1909f56bfc062723c751e8b465ee728b) [PhysX] Initialized MultithreadedTaskDispatcher with 20 workers.
[PhysX] Initialized MultithreadedTaskDispatcher with 20 workers.
 -> (artifact id: '8b44ae908f60184a41375a61bf20fa4e') in 0.034333 seconds
Number of updated asset objects reloaded before import = 0
Number of asset objects unloaded after import = 39
========================================================================
Received Prepare
Caller must complete domain reload
Begin MonoManager ReloadAssembly
- Loaded All Assemblies, in  0.381 seconds
Native extension for WindowsStandalone target not found
Mono: successfully reloaded assembly
- Finished resetting the current domain, in  1.092 seconds
Domain Reload Profiling: 1472ms
	BeginReloadAssembly (139ms)
		ExecutionOrderSort (0ms)
		DisableScriptedObjects (7ms)
		BackupInstance (0ms)
		ReleaseScriptingObjects (0ms)
		CreateAndSetChildDomain (33ms)
	RebuildCommonClasses (24ms)
	RebuildNativeTypeToScriptingClass (8ms)
	initialDomainReloadingComplete (22ms)
	LoadAllAssembliesAndSetupDomain (187ms)
		LoadAssemblies (242ms)
		RebuildTransferFunctionScriptingTraits (0ms)
		AnalyzeDomain (14ms)
			TypeCache.Refresh (5ms)
				TypeCache.ScanAssembly (0ms)
			ScanForSourceGeneratedMonoScriptInfo (0ms)
			ResolveRequiredComponents (8ms)
	FinalizeReload (1092ms)
		ReleaseScriptCaches (0ms)
		RebuildScriptCaches (0ms)
		SetupLoadedEditorAssemblies (407ms)
			LogAssemblyErrors (0ms)
			InitializePlatformSupportModulesInManaged (7ms)
			SetLoadedEditorAssemblies (3ms)
			RefreshPlugins (0ms)
			BeforeProcessingInitializeOnLoad (59ms)
			ProcessInitializeOnLoadAttributes (272ms)
			ProcessInitializeOnLoadMethodAttributes (61ms)
			AfterProcessingInitializeOnLoad (5ms)
			EditorAssembliesLoaded (0ms)
		ExecutionOrderSort2 (0ms)
		AwakeInstancesAfterBackupRestoration (24ms)
Refreshing native plugins compatible for Editor in 7.56 ms, found 3 plugins.
Preloading 0 native plugins for Editor in 0.00 ms.
Unloading 4733 Unused Serialized files (Serialized files now loaded: 0)
Unloading 19 unused Assets / (316.1 KB). Loaded Objects now: 5447.
Memory consumption went from 178.0 MB to 177.6 MB.
Total: 3.055100 ms (FindLiveObjects: 0.300700 ms CreateObjectMapping: 0.164400 ms MarkObjects: 2.513100 ms  DeleteObjects: 0.076000 ms)

Prepare: number of updated asset objects reloaded= 0
AssetImportParameters requested are different than current active one (requested -> active):
  custom:container-demuxer-ogg: 62fdf1f143b41e24485cea50d1cbac27 -> 
  custom:video-codec-MediaFoundation-h265: 746d11721c4dcdbdad8f713fa42b33f4 -> 
  custom:video-decoder-ogg-theora: a1e56fd34408186e4bbccfd4996cb3dc -> 
  custom:framework-win-MediaFoundation: 216162199b28c13a410421893ffa2e32 -> 
  custom:CustomObjectIndexerAttribute: 72b91833f83ae208fae7752999fa3104 -> 
  custom:container-demuxer-webm: 4f35f7cbe854078d1ac9338744f61a02 -> 
  custom:container-muxer-webm: aa71ff27fc2769a1b78a27578f13a17b -> 
  custom:video-decoder-webm-vp8: 9c59270c3fd7afecdb556c50c9e8de78 -> 
  custom:SearchIndexIgnoredProperties: e643bd26f0fe6173181afceb89e7c659 -> 
  custom:AudioImporter_EditorPlatform: d09bf68614088b80899f8185d706f6e7 -> 
  custom:video-encoder-webm-vp8: eb34c28f22e8b96e1ab97ce403110664 -> 
  custom:audio-decoder-ogg-vorbis: bf7c407c2cedff20999df2af8eb42d56 -> 
  custom:audio-encoder-webm-vorbis: bf7c407c2cedff20999df2af8eb42d56 -> 
========================================================================
Received Prepare
Caller must complete domain reload
Begin MonoManager ReloadAssembly
- Loaded All Assemblies, in  0.356 seconds
Native extension for WindowsStandalone target not found
Mono: successfully reloaded assembly
- Finished resetting the current domain, in  1.091 seconds
Domain Reload Profiling: 1445ms
	BeginReloadAssembly (118ms)
		ExecutionOrderSort (0ms)
		DisableScriptedObjects (3ms)
		BackupInstance (0ms)
		ReleaseScriptingObjects (0ms)
		CreateAndSetChildDomain (24ms)
	RebuildCommonClasses (22ms)
	RebuildNativeTypeToScriptingClass (8ms)
	initialDomainReloadingComplete (23ms)
	LoadAllAssembliesAndSetupDomain (183ms)
		LoadAssemblies (233ms)
		RebuildTransferFunctionScriptingTraits (0ms)
		AnalyzeDomain (15ms)
			TypeCache.Refresh (5ms)
				TypeCache.ScanAssembly (0ms)
			ScanForSourceGeneratedMonoScriptInfo (0ms)
			ResolveRequiredComponents (8ms)
	FinalizeReload (1091ms)
		ReleaseScriptCaches (0ms)
		RebuildScriptCaches (0ms)
		SetupLoadedEditorAssemblies (371ms)
			LogAssemblyErrors (0ms)
			InitializePlatformSupportModulesInManaged (6ms)
			SetLoadedEditorAssemblies (3ms)
			RefreshPlugins (0ms)
			BeforeProcessingInitializeOnLoad (54ms)
			ProcessInitializeOnLoadAttributes (247ms)
			ProcessInitializeOnLoadMethodAttributes (57ms)
			AfterProcessingInitializeOnLoad (4ms)
			EditorAssembliesLoaded (0ms)
		ExecutionOrderSort2 (0ms)
		AwakeInstancesAfterBackupRestoration (20ms)
Refreshing native plugins compatible for Editor in 7.08 ms, found 3 plugins.
Preloading 0 native plugins for Editor in 0.00 ms.
Unloading 4733 Unused Serialized files (Serialized files now loaded: 0)
Unloading 19 unused Assets / (316.0 KB). Loaded Objects now: 5451.
Memory consumption went from 177.9 MB to 177.6 MB.
Total: 2.563000 ms (FindLiveObjects: 0.277800 ms CreateObjectMapping: 0.160600 ms MarkObjects: 2.056800 ms  DeleteObjects: 0.067100 ms)

Prepare: number of updated asset objects reloaded= 0
AssetImportParameters requested are different than current active one (requested -> active):
  custom:container-demuxer-ogg: 62fdf1f143b41e24485cea50d1cbac27 -> 
  custom:video-codec-MediaFoundation-h265: 746d11721c4dcdbdad8f713fa42b33f4 -> 
  custom:video-decoder-ogg-theora: a1e56fd34408186e4bbccfd4996cb3dc -> 
  custom:framework-win-MediaFoundation: 216162199b28c13a410421893ffa2e32 -> 
  custom:CustomObjectIndexerAttribute: 72b91833f83ae208fae7752999fa3104 -> 
  custom:container-demuxer-webm: 4f35f7cbe854078d1ac9338744f61a02 -> 
  custom:container-muxer-webm: aa71ff27fc2769a1b78a27578f13a17b -> 
  custom:video-decoder-webm-vp8: 9c59270c3fd7afecdb556c50c9e8de78 -> 
  custom:SearchIndexIgnoredProperties: e643bd26f0fe6173181afceb89e7c659 -> 
  custom:AudioImporter_EditorPlatform: d09bf68614088b80899f8185d706f6e7 -> 
  custom:video-encoder-webm-vp8: eb34c28f22e8b96e1ab97ce403110664 -> 
  custom:audio-decoder-ogg-vorbis: bf7c407c2cedff20999df2af8eb42d56 -> 
  custom:audio-encoder-webm-vorbis: bf7c407c2cedff20999df2af8eb42d56 -> 
========================================================================
Received Prepare
Caller must complete domain reload
Begin MonoManager ReloadAssembly
- Loaded All Assemblies, in  0.336 seconds
Native extension for WindowsStandalone target not found
Mono: successfully reloaded assembly
- Finished resetting the current domain, in  1.074 seconds
Domain Reload Profiling: 1409ms
	BeginReloadAssembly (119ms)
		ExecutionOrderSort (0ms)
		DisableScriptedObjects (4ms)
		BackupInstance (0ms)
		ReleaseScriptingObjects (0ms)
		CreateAndSetChildDomain (23ms)
	RebuildCommonClasses (21ms)
	RebuildNativeTypeToScriptingClass (7ms)
	initialDomainReloadingComplete (20ms)
	LoadAllAssembliesAndSetupDomain (168ms)
		LoadAssemblies (218ms)
		RebuildTransferFunctionScriptingTraits (0ms)
		AnalyzeDomain (13ms)
			TypeCache.Refresh (5ms)
				TypeCache.ScanAssembly (0ms)
			ScanForSourceGeneratedMonoScriptInfo (0ms)
			ResolveRequiredComponents (7ms)
	FinalizeReload (1075ms)
		ReleaseScriptCaches (0ms)
		RebuildScriptCaches (0ms)
		SetupLoadedEditorAssemblies (370ms)
			LogAssemblyErrors (0ms)
			InitializePlatformSupportModulesInManaged (5ms)
			SetLoadedEditorAssemblies (3ms)
			RefreshPlugins (0ms)
			BeforeProcessingInitializeOnLoad (54ms)
			ProcessInitializeOnLoadAttributes (246ms)
			ProcessInitializeOnLoadMethodAttributes (58ms)
			AfterProcessingInitializeOnLoad (5ms)
			EditorAssembliesLoaded (0ms)
		ExecutionOrderSort2 (0ms)
		AwakeInstancesAfterBackupRestoration (21ms)
Refreshing native plugins compatible for Editor in 7.29 ms, found 3 plugins.
Preloading 0 native plugins for Editor in 0.00 ms.
Unloading 4733 Unused Serialized files (Serialized files now loaded: 0)
Unloading 19 unused Assets / (316.0 KB). Loaded Objects now: 5455.
Memory consumption went from 177.9 MB to 177.6 MB.
Total: 2.558900 ms (FindLiveObjects: 0.286600 ms CreateObjectMapping: 0.172900 ms MarkObjects: 2.027300 ms  DeleteObjects: 0.071300 ms)

Prepare: number of updated asset objects reloaded= 0
AssetImportParameters requested are different than current active one (requested -> active):
  custom:container-demuxer-ogg: 62fdf1f143b41e24485cea50d1cbac27 -> 
  custom:video-codec-MediaFoundation-h265: 746d11721c4dcdbdad8f713fa42b33f4 -> 
  custom:video-decoder-ogg-theora: a1e56fd34408186e4bbccfd4996cb3dc -> 
  custom:framework-win-MediaFoundation: 216162199b28c13a410421893ffa2e32 -> 
  custom:CustomObjectIndexerAttribute: 72b91833f83ae208fae7752999fa3104 -> 
  custom:container-demuxer-webm: 4f35f7cbe854078d1ac9338744f61a02 -> 
  custom:container-muxer-webm: aa71ff27fc2769a1b78a27578f13a17b -> 
  custom:video-decoder-webm-vp8: 9c59270c3fd7afecdb556c50c9e8de78 -> 
  custom:SearchIndexIgnoredProperties: e643bd26f0fe6173181afceb89e7c659 -> 
  custom:AudioImporter_EditorPlatform: d09bf68614088b80899f8185d706f6e7 -> 
  custom:video-encoder-webm-vp8: eb34c28f22e8b96e1ab97ce403110664 -> 
  custom:audio-decoder-ogg-vorbis: bf7c407c2cedff20999df2af8eb42d56 -> 
  custom:audio-encoder-webm-vorbis: bf7c407c2cedff20999df2af8eb42d56 -> 
